TN:
SF:src\config\database.ts
FN:11,getSSLConfig
FN:33,(anonymous_2)
FN:120,(anonymous_3)
FN:124,(anonymous_4)
FN:132,(anonymous_5)
FN:137,(anonymous_6)
FN:149,(anonymous_7)
FN:156,(anonymous_8)
FN:160,(anonymous_9)
FN:180,(anonymous_10)
FN:184,(anonymous_11)
FN:189,(anonymous_12)
FN:198,(anonymous_13)
FNF:13
FNH:5
FNDA:11,getSSLConfig
FNDA:4,(anonymous_2)
FNDA:0,(anonymous_3)
FNDA:0,(anonymous_4)
FNDA:0,(anonymous_5)
FNDA:1,(anonymous_6)
FNDA:83,(anonymous_7)
FNDA:0,(anonymous_8)
FNDA:14,(anonymous_9)
FNDA:0,(anonymous_10)
FNDA:0,(anonymous_11)
FNDA:0,(anonymous_12)
FNDA:0,(anonymous_13)
DA:1,30
DA:3,30
DA:11,30
DA:12,11
DA:15,11
DA:16,5
DA:20,6
DA:21,1
DA:22,1
DA:26,5
DA:35,4
DA:36,4
DA:40,4
DA:41,4
DA:42,4
DA:43,4
DA:46,4
DA:47,4
DA:48,4
DA:49,4
DA:51,4
DA:54,4
DA:55,3
DA:56,3
DA:60,3
DA:63,3
DA:66,3
DA:67,3
DA:68,0
DA:69,3
DA:70,0
DA:74,3
DA:78,3
DA:92,1
DA:93,1
DA:97,1
DA:105,1
DA:120,4
DA:121,0
DA:124,4
DA:125,0
DA:132,4
DA:133,0
DA:137,4
DA:138,1
DA:146,4
DA:150,83
DA:151,4
DA:153,83
DA:157,0
DA:161,14
DA:162,14
DA:163,14
DA:164,0
DA:166,0
DA:167,0
DA:170,0
DA:172,0
DA:176,0
DA:181,0
DA:185,0
DA:190,0
DA:199,0
DA:200,0
DA:201,0
DA:203,0
DA:207,0
DA:215,30
LF:68
LH:48
BRDA:15,0,0,5
BRDA:15,1,0,11
BRDA:15,1,1,8
BRDA:15,1,2,7
BRDA:20,2,0,1
BRDA:36,3,0,4
BRDA:36,3,1,3
BRDA:40,4,0,4
BRDA:40,4,1,4
BRDA:41,5,0,4
BRDA:41,5,1,4
BRDA:42,6,0,4
BRDA:42,6,1,4
BRDA:43,7,0,4
BRDA:43,7,1,4
BRDA:46,8,0,0
BRDA:46,8,1,4
BRDA:46,9,0,4
BRDA:46,9,1,4
BRDA:47,10,0,0
BRDA:47,10,1,4
BRDA:47,11,0,4
BRDA:47,11,1,4
BRDA:48,12,0,0
BRDA:48,12,1,4
BRDA:48,13,0,4
BRDA:48,13,1,4
BRDA:49,14,0,0
BRDA:49,14,1,4
BRDA:49,15,0,4
BRDA:49,15,1,4
BRDA:54,16,0,3
BRDA:54,16,1,1
BRDA:66,17,0,0
BRDA:66,17,1,3
BRDA:67,18,0,0
BRDA:67,18,1,3
BRDA:69,19,0,0
BRDA:75,20,0,0
BRDA:75,20,1,3
BRDA:94,21,0,1
BRDA:94,21,1,0
BRDA:98,22,0,1
BRDA:98,22,1,0
BRDA:99,23,0,1
BRDA:99,23,1,0
BRDA:100,24,0,1
BRDA:100,24,1,0
BRDA:101,25,0,1
BRDA:101,25,1,0
BRDA:139,26,0,1
BRDA:139,26,1,0
BRDA:140,27,0,1
BRDA:140,27,1,0
BRDA:150,28,0,4
BRDA:166,29,0,0
BRDA:173,30,0,0
BRDA:173,30,1,0
BRDA:174,31,0,0
BRDA:174,31,1,0
BRDA:204,32,0,0
BRDA:204,32,1,0
BRDA:205,33,0,0
BRDA:205,33,1,0
BRDA:209,34,0,0
BRDA:209,34,1,0
BRF:66
BRH:40
end_of_record
TN:
SF:src\config\redis.ts
FN:29,getRedisUrl
FN:50,createBullMQConnection
FN:56,(anonymous_3)
FN:74,createPubSubConnection
FN:80,(anonymous_5)
FNF:5
FNH:1
FNDA:6,getRedisUrl
FNDA:0,createBullMQConnection
FNDA:0,(anonymous_3)
FNDA:0,createPubSubConnection
FNDA:0,(anonymous_5)
DA:24,5
DA:29,5
DA:30,6
DA:31,6
DA:32,6
DA:37,0
DA:50,5
DA:51,0
DA:53,0
DA:57,0
DA:58,0
DA:74,5
DA:75,0
DA:77,0
DA:81,0
DA:82,0
LF:16
LH:7
BRDA:31,0,0,6
BRF:1
BRH:1
end_of_record
TN:
SF:src\controllers\AdminController.ts
FN:15,(anonymous_1)
FN:20,(anonymous_2)
FN:70,(anonymous_3)
FN:103,(anonymous_4)
FN:181,(anonymous_5)
FN:206,(anonymous_6)
FN:225,(anonymous_7)
FNF:7
FNH:0
FNDA:0,(anonymous_1)
FNDA:0,(anonymous_2)
FNDA:0,(anonymous_3)
FNDA:0,(anonymous_4)
FNDA:0,(anonymous_5)
FNDA:0,(anonymous_6)
FNDA:0,(anonymous_7)
DA:3,0
DA:4,0
DA:5,0
DA:6,0
DA:7,0
DA:15,0
DA:20,0
DA:21,0
DA:24,0
DA:25,0
DA:26,0
DA:27,0
DA:30,0
DA:33,0
DA:38,0
DA:41,0
DA:43,0
DA:62,0
DA:63,0
DA:70,0
DA:71,0
DA:72,0
DA:74,0
DA:91,0
DA:96,0
DA:103,0
DA:104,0
DA:106,0
DA:107,0
DA:111,0
DA:112,0
DA:115,0
DA:118,0
DA:123,0
DA:124,0
DA:128,0
DA:129,0
DA:133,0
DA:137,0
DA:141,0
DA:147,0
DA:161,0
DA:174,0
DA:181,0
DA:182,0
DA:184,0
DA:185,0
DA:186,0
DA:188,0
DA:189,0
DA:192,0
DA:199,0
DA:206,0
DA:207,0
DA:208,0
DA:210,0
DA:218,0
DA:225,0
DA:226,0
DA:228,0
DA:229,0
DA:233,0
DA:234,0
DA:237,0
DA:239,0
DA:241,0
DA:242,0
DA:243,0
DA:246,0
DA:247,0
DA:248,0
DA:251,0
DA:255,0
DA:256,0
DA:259,0
DA:269,0
DA:273,0
LF:77
LH:0
BRDA:71,0,0,0
BRDA:71,0,1,0
BRDA:106,1,0,0
BRDA:123,2,0,0
BRDA:123,3,0,0
BRDA:123,3,1,0
BRDA:184,4,0,0
BRDA:184,4,1,0
BRDA:195,5,0,0
BRDA:195,5,1,0
BRDA:218,6,0,0
BRDA:218,6,1,0
BRDA:228,7,0,0
BRDA:228,8,0,0
BRDA:228,8,1,0
BRDA:228,8,2,0
BRDA:239,9,0,0
BRDA:239,9,1,0
BRDA:239,9,2,0
BRDA:242,10,0,0
BRDA:242,10,1,0
BRDA:247,11,0,0
BRDA:247,11,1,0
BRF:23
BRH:0
end_of_record
TN:
SF:src\controllers\BadgeController.ts
FN:8,(anonymous_1)
FN:15,(anonymous_2)
FN:44,(anonymous_3)
FN:75,(anonymous_4)
FN:113,(anonymous_5)
FN:158,(anonymous_6)
FN:187,(anonymous_7)
FN:218,(anonymous_8)
FN:256,(anonymous_9)
FNF:9
FNH:0
FNDA:0,(anonymous_1)
FNDA:0,(anonymous_2)
FNDA:0,(anonymous_3)
FNDA:0,(anonymous_4)
FNDA:0,(anonymous_5)
FNDA:0,(anonymous_6)
FNDA:0,(anonymous_7)
FNDA:0,(anonymous_8)
FNDA:0,(anonymous_9)
DA:2,0
DA:6,0
DA:8,0
DA:9,0
DA:15,0
DA:16,0
DA:17,0
DA:19,0
DA:24,0
DA:26,0
DA:31,0
DA:36,0
DA:44,0
DA:45,0
DA:46,0
DA:48,0
DA:50,0
DA:55,0
DA:57,0
DA:62,0
DA:67,0
DA:75,0
DA:76,0
DA:77,0
DA:78,0
DA:82,0
DA:83,0
DA:86,0
DA:88,0
DA:93,0
DA:95,0
DA:100,0
DA:105,0
DA:113,0
DA:114,0
DA:115,0
DA:116,0
DA:120,0
DA:121,0
DA:124,0
DA:126,0
DA:138,0
DA:140,0
DA:145,0
DA:150,0
DA:158,0
DA:159,0
DA:160,0
DA:162,0
DA:167,0
DA:169,0
DA:174,0
DA:179,0
DA:187,0
DA:188,0
DA:189,0
DA:191,0
DA:193,0
DA:198,0
DA:200,0
DA:205,0
DA:210,0
DA:218,0
DA:219,0
DA:220,0
DA:221,0
DA:225,0
DA:226,0
DA:229,0
DA:231,0
DA:236,0
DA:238,0
DA:243,0
DA:248,0
DA:256,0
DA:257,0
DA:258,0
DA:260,0
DA:262,0
DA:263,0
DA:267,0
DA:268,0
DA:271,0
DA:276,0
DA:278,0
DA:283,0
DA:288,0
LF:87
LH:0
BRDA:27,0,0,0
BRDA:27,0,1,0
BRDA:28,1,0,0
BRDA:28,1,1,0
BRDA:58,2,0,0
BRDA:58,2,1,0
BRDA:59,3,0,0
BRDA:59,3,1,0
BRDA:77,4,0,0
BRDA:96,5,0,0
BRDA:96,5,1,0
BRDA:97,6,0,0
BRDA:97,6,1,0
BRDA:115,7,0,0
BRDA:133,8,0,0
BRDA:133,8,1,0
BRDA:134,9,0,0
BRDA:134,9,1,0
BRDA:141,10,0,0
BRDA:141,10,1,0
BRDA:142,11,0,0
BRDA:142,11,1,0
BRDA:170,12,0,0
BRDA:170,12,1,0
BRDA:171,13,0,0
BRDA:171,13,1,0
BRDA:189,14,0,0
BRDA:189,14,1,0
BRDA:201,15,0,0
BRDA:201,15,1,0
BRDA:202,16,0,0
BRDA:202,16,1,0
BRDA:220,17,0,0
BRDA:239,18,0,0
BRDA:239,18,1,0
BRDA:240,19,0,0
BRDA:240,19,1,0
BRDA:262,20,0,0
BRDA:279,21,0,0
BRDA:279,21,1,0
BRDA:280,22,0,0
BRDA:280,22,1,0
BRF:42
BRH:0
end_of_record
TN:
SF:src\controllers\BandController.ts
FN:17,(anonymous_0)
FN:27,(anonymous_1)
FN:50,(anonymous_2)
FN:75,(anonymous_3)
FN:103,(anonymous_4)
FN:135,(anonymous_5)
FN:164,(anonymous_6)
FN:180,(anonymous_7)
FN:196,(anonymous_8)
FN:214,(anonymous_9)
FN:230,(anonymous_10)
FNF:11
FNH:0
FNDA:0,(anonymous_0)
FNDA:0,(anonymous_1)
FNDA:0,(anonymous_2)
FNDA:0,(anonymous_3)
FNDA:0,(anonymous_4)
FNDA:0,(anonymous_5)
FNDA:0,(anonymous_6)
FNDA:0,(anonymous_7)
FNDA:0,(anonymous_8)
FNDA:0,(anonymous_9)
FNDA:0,(anonymous_10)
DA:8,0
DA:9,0
DA:10,0
DA:11,0
DA:13,0
DA:14,0
DA:17,0
DA:18,0
DA:19,0
DA:20,0
DA:21,0
DA:27,0
DA:28,0
DA:31,0
DA:32,0
DA:35,0
DA:37,0
DA:43,0
DA:50,0
DA:51,0
DA:61,0
DA:63,0
DA:68,0
DA:75,0
DA:76,0
DA:78,0
DA:80,0
DA:81,0
DA:85,0
DA:90,0
DA:95,0
DA:103,0
DA:104,0
DA:105,0
DA:108,0
DA:111,0
DA:112,0
DA:114,0
DA:115,0
DA:118,0
DA:119,0
DA:121,0
DA:127,0
DA:135,0
DA:136,0
DA:137,0
DA:140,0
DA:143,0
DA:144,0
DA:146,0
DA:147,0
DA:150,0
DA:152,0
DA:157,0
DA:164,0
DA:165,0
DA:166,0
DA:168,0
DA:173,0
DA:180,0
DA:181,0
DA:182,0
DA:184,0
DA:189,0
DA:196,0
DA:197,0
DA:198,0
DA:200,0
DA:202,0
DA:207,0
DA:214,0
DA:215,0
DA:217,0
DA:222,0
DA:230,0
DA:231,0
DA:233,0
DA:234,0
DA:237,0
DA:239,0
DA:247,0
LF:81
LH:0
BRDA:31,0,0,0
BRDA:54,1,0,0
BRDA:54,1,1,0
BRDA:55,2,0,0
BRDA:55,2,1,0
BRDA:56,3,0,0
BRDA:56,3,1,0
BRDA:80,4,0,0
BRDA:104,5,0,0
BRDA:114,6,0,0
BRDA:114,7,0,0
BRDA:114,7,1,0
BRDA:136,8,0,0
BRDA:146,9,0,0
BRDA:146,10,0,0
BRDA:146,10,1,0
BRDA:165,11,0,0
BRDA:165,11,1,0
BRDA:181,12,0,0
BRDA:181,12,1,0
BRDA:198,13,0,0
BRDA:198,13,1,0
BRDA:233,14,0,0
BRDA:242,15,0,0
BRDA:242,15,1,0
BRDA:247,16,0,0
BRDA:247,16,1,0
BRF:27
BRH:0
end_of_record
TN:
SF:src\controllers\BlockController.ts
FN:18,(anonymous_0)
FN:25,(anonymous_1)
FN:41,(anonymous_2)
FN:57,(anonymous_3)
FN:72,(anonymous_4)
FNF:5
FNH:0
FNDA:0,(anonymous_0)
FNDA:0,(anonymous_1)
FNDA:0,(anonymous_2)
FNDA:0,(anonymous_3)
FNDA:0,(anonymous_4)
DA:8,0
DA:10,0
DA:11,0
DA:18,0
DA:19,0
DA:25,0
DA:26,0
DA:27,0
DA:28,0
DA:30,0
DA:32,0
DA:34,0
DA:41,0
DA:42,0
DA:43,0
DA:44,0
DA:46,0
DA:48,0
DA:50,0
DA:57,0
DA:58,0
DA:59,0
DA:60,0
DA:63,0
DA:65,0
DA:72,0
DA:73,0
DA:74,0
DA:75,0
DA:77,0
DA:79,0
DA:81,0
LF:32
LH:0
BRDA:27,0,0,0
BRDA:43,1,0,0
BRDA:59,2,0,0
BRDA:74,3,0,0
BRF:4
BRH:0
end_of_record
TN:
SF:src\controllers\CheckinController.ts
FN:10,(anonymous_0)
FN:22,(anonymous_1)
FN:97,(anonymous_2)
FN:115,(anonymous_3)
FN:150,(anonymous_4)
FN:194,(anonymous_5)
FN:218,(anonymous_6)
FN:275,(anonymous_7)
FN:292,(anonymous_8)
FN:315,(anonymous_9)
FN:342,(anonymous_10)
FN:357,(anonymous_11)
FN:374,(anonymous_12)
FN:401,(anonymous_13)
FN:449,(anonymous_14)
FN:487,(anonymous_15)
FNF:16
FNH:10
FNDA:34,(anonymous_0)
FNDA:7,(anonymous_1)
FNDA:2,(anonymous_2)
FNDA:6,(anonymous_3)
FNDA:3,(anonymous_4)
FNDA:2,(anonymous_5)
FNDA:4,(anonymous_6)
FNDA:2,(anonymous_7)
FNDA:4,(anonymous_8)
FNDA:4,(anonymous_9)
FNDA:0,(anonymous_10)
FNDA:0,(anonymous_11)
FNDA:0,(anonymous_12)
FNDA:0,(anonymous_13)
FNDA:0,(anonymous_14)
FNDA:0,(anonymous_15)
DA:2,1
DA:3,1
DA:5,1
DA:6,1
DA:7,1
DA:10,1
DA:11,34
DA:12,34
DA:22,34
DA:23,7
DA:25,7
DA:26,1
DA:40,6
DA:44,6
DA:46,3
DA:54,3
DA:56,1
DA:67,2
DA:71,3
DA:84,3
DA:90,3
DA:97,34
DA:98,2
DA:99,2
DA:101,2
DA:103,1
DA:108,1
DA:115,34
DA:116,6
DA:118,6
DA:119,1
DA:122,5
DA:124,5
DA:125,5
DA:126,5
DA:127,5
DA:128,5
DA:129,5
DA:131,5
DA:138,4
DA:143,4
DA:150,34
DA:151,3
DA:152,3
DA:154,3
DA:155,1
DA:158,2
DA:160,2
DA:163,1
DA:172,1
DA:173,1
DA:182,1
DA:187,1
DA:194,34
DA:195,2
DA:197,2
DA:198,1
DA:201,1
DA:203,1
DA:205,1
DA:210,1
DA:218,34
DA:219,4
DA:220,4
DA:222,4
DA:223,1
DA:226,3
DA:227,3
DA:229,3
DA:230,2
DA:234,1
DA:235,0
DA:238,1
DA:241,1
DA:251,1
DA:252,0
DA:262,1
DA:268,1
DA:275,34
DA:276,2
DA:278,2
DA:280,1
DA:285,1
DA:292,34
DA:293,4
DA:295,4
DA:296,1
DA:299,3
DA:301,3
DA:303,1
DA:308,1
DA:315,34
DA:316,4
DA:319,4
DA:320,4
DA:322,4
DA:330,4
DA:335,4
DA:342,34
DA:343,0
DA:345,0
DA:350,0
DA:357,34
DA:358,0
DA:360,0
DA:362,0
DA:367,0
DA:374,34
DA:375,0
DA:377,0
DA:378,0
DA:381,0
DA:383,0
DA:385,0
DA:390,0
DA:401,34
DA:402,0
DA:404,0
DA:405,0
DA:408,0
DA:409,0
DA:412,0
DA:413,0
DA:416,0
DA:417,0
DA:421,0
DA:422,0
DA:423,0
DA:424,0
DA:428,0
DA:434,0
DA:439,0
DA:449,34
DA:450,0
DA:452,0
DA:453,0
DA:456,0
DA:457,0
DA:460,0
DA:461,0
DA:464,0
DA:465,0
DA:468,0
DA:470,0
DA:476,0
DA:487,34
DA:488,0
DA:490,0
DA:491,0
DA:494,0
DA:495,0
DA:498,0
DA:499,0
DA:503,0
DA:504,0
DA:505,0
DA:508,0
DA:509,0
DA:510,0
DA:512,0
DA:513,0
DA:519,0
DA:520,0
DA:526,0
DA:530,0
DA:535,0
DA:541,0
LF:167
LH:102
BRDA:25,0,0,1
BRDA:44,1,0,3
BRDA:44,1,1,3
BRDA:49,2,0,3
BRDA:49,2,1,2
BRDA:50,3,0,3
BRDA:50,3,1,2
BRDA:54,4,0,1
BRDA:54,4,1,2
BRDA:54,5,0,3
BRDA:54,5,1,1
BRDA:61,6,0,1
BRDA:61,6,1,1
BRDA:62,7,0,1
BRDA:62,7,1,1
BRDA:75,8,0,3
BRDA:75,8,1,1
BRDA:76,9,0,3
BRDA:76,9,1,2
BRDA:77,10,0,3
BRDA:77,10,1,2
BRDA:118,11,0,1
BRDA:122,12,0,5
BRDA:122,12,1,3
BRDA:125,13,0,4
BRDA:125,13,1,1
BRDA:127,14,0,4
BRDA:127,14,1,1
BRDA:128,15,0,1
BRDA:128,15,1,4
BRDA:129,16,0,1
BRDA:129,16,1,4
BRDA:154,17,0,1
BRDA:172,18,0,1
BRDA:172,19,0,1
BRDA:172,19,1,1
BRDA:177,20,0,1
BRDA:177,20,1,1
BRDA:197,21,0,1
BRDA:222,22,0,1
BRDA:229,23,0,2
BRDA:229,24,0,3
BRDA:229,24,1,2
BRDA:234,25,0,0
BRDA:251,26,0,0
BRDA:251,27,0,1
BRDA:251,27,1,0
BRDA:256,28,0,0
BRDA:256,28,1,0
BRDA:295,29,0,1
BRDA:326,30,0,3
BRDA:326,30,1,1
BRDA:327,31,0,3
BRDA:327,31,1,1
BRDA:377,32,0,0
BRDA:404,33,0,0
BRDA:412,34,0,0
BRDA:412,35,0,0
BRDA:412,35,1,0
BRDA:412,35,2,0
BRDA:416,36,0,0
BRDA:423,37,0,0
BRDA:452,38,0,0
BRDA:460,39,0,0
BRDA:460,40,0,0
BRDA:460,40,1,0
BRDA:460,40,2,0
BRDA:464,41,0,0
BRDA:490,42,0,0
BRDA:498,43,0,0
BRDA:498,44,0,0
BRDA:498,44,1,0
BRDA:503,45,0,0
BRDA:504,46,0,0
BRDA:509,47,0,0
BRDA:509,48,0,0
BRDA:509,48,1,0
BRDA:512,49,0,0
BRDA:512,50,0,0
BRDA:512,50,1,0
BRDA:512,50,2,0
BRDA:519,51,0,0
BRDA:520,52,0,0
BRDA:521,53,0,0
BRDA:521,53,1,0
BRDA:521,53,2,0
BRDA:521,53,3,0
BRF:87
BRH:49
end_of_record
TN:
SF:src\controllers\ClaimController.ts
FN:16,(anonymous_0)
FN:25,(anonymous_1)
FN:44,(anonymous_2)
FN:58,(anonymous_3)
FN:72,(anonymous_4)
FN:82,(anonymous_5)
FN:93,(anonymous_6)
FN:120,(anonymous_7)
FNF:8
FNH:0
FNDA:0,(anonymous_0)
FNDA:0,(anonymous_1)
FNDA:0,(anonymous_2)
FNDA:0,(anonymous_3)
FNDA:0,(anonymous_4)
FNDA:0,(anonymous_5)
FNDA:0,(anonymous_6)
FNDA:0,(anonymous_7)
DA:8,0
DA:9,0
DA:10,0
DA:12,0
DA:13,0
DA:16,0
DA:17,0
DA:18,0
DA:19,0
DA:25,0
DA:26,0
DA:27,0
DA:30,0
DA:32,0
DA:37,0
DA:44,0
DA:45,0
DA:46,0
DA:49,0
DA:51,0
DA:58,0
DA:59,0
DA:60,0
DA:63,0
DA:65,0
DA:72,0
DA:73,0
DA:75,0
DA:82,0
DA:83,0
DA:84,0
DA:86,0
DA:93,0
DA:94,0
DA:95,0
DA:98,0
DA:100,0
DA:101,0
DA:104,0
DA:109,0
DA:120,0
DA:121,0
DA:122,0
DA:125,0
DA:127,0
DA:128,0
DA:132,0
DA:133,0
DA:134,0
DA:136,0
DA:139,0
DA:140,0
DA:144,0
DA:145,0
DA:147,0
DA:150,0
LF:56
LH:0
BRDA:26,0,0,0
BRDA:45,1,0,0
BRDA:59,2,0,0
BRDA:94,3,0,0
BRDA:100,4,0,0
BRDA:100,5,0,0
BRDA:100,5,1,0
BRDA:121,6,0,0
BRDA:127,7,0,0
BRDA:127,8,0,0
BRDA:127,8,1,0
BRDA:133,9,0,0
BRDA:133,9,1,0
BRDA:139,10,0,0
BRDA:144,11,0,0
BRDA:144,11,1,0
BRF:16
BRH:0
end_of_record
TN:
SF:src\controllers\ConsentController.ts
FN:17,(anonymous_0)
FN:25,(anonymous_1)
FN:50,(anonymous_2)
FN:100,(anonymous_3)
FN:130,(anonymous_4)
FNF:5
FNH:0
FNDA:0,(anonymous_0)
FNDA:0,(anonymous_1)
FNDA:0,(anonymous_2)
FNDA:0,(anonymous_3)
FNDA:0,(anonymous_4)
DA:8,0
DA:10,0
DA:11,0
DA:14,0
DA:18,0
DA:25,0
DA:26,0
DA:28,0
DA:29,0
DA:32,0
DA:34,0
DA:42,0
DA:50,0
DA:51,0
DA:53,0
DA:54,0
DA:57,0
DA:60,0
DA:61,0
DA:65,0
DA:66,0
DA:70,0
DA:71,0
DA:75,0
DA:80,0
DA:87,0
DA:93,0
DA:100,0
DA:101,0
DA:103,0
DA:104,0
DA:107,0
DA:109,0
DA:110,0
DA:113,0
DA:115,0
DA:123,0
DA:132,0
DA:133,0
DA:134,0
DA:136,0
DA:140,0
LF:42
LH:0
BRDA:28,0,0,0
BRDA:53,1,0,0
BRDA:60,2,0,0
BRDA:65,3,0,0
BRDA:70,4,0,0
BRDA:77,5,0,0
BRDA:77,5,1,0
BRDA:90,6,0,0
BRDA:90,6,1,0
BRDA:103,7,0,0
BRDA:109,8,0,0
BRDA:18,9,0,0
BRDA:18,9,1,0
BRDA:133,10,0,0
BRDA:134,11,0,0
BRDA:134,11,1,0
BRDA:140,12,0,0
BRDA:140,12,1,0
BRDA:140,12,2,0
BRF:19
BRH:0
end_of_record
TN:
SF:src\controllers\DiscoveryController.ts
FN:15,(anonymous_0)
FN:23,(anonymous_1)
FN:52,(anonymous_2)
FN:90,(anonymous_3)
FN:112,(anonymous_4)
FNF:5
FNH:0
FNDA:0,(anonymous_0)
FNDA:0,(anonymous_1)
FNDA:0,(anonymous_2)
FNDA:0,(anonymous_3)
FNDA:0,(anonymous_4)
DA:8,0
DA:9,0
DA:11,0
DA:12,0
DA:15,0
DA:16,0
DA:17,0
DA:23,0
DA:24,0
DA:25,0
DA:26,0
DA:27,0
DA:29,0
DA:30,0
DA:33,0
DA:40,0
DA:45,0
DA:52,0
DA:53,0
DA:54,0
DA:55,0
DA:56,0
DA:57,0
DA:58,0
DA:59,0
DA:62,0
DA:63,0
DA:68,0
DA:78,0
DA:83,0
DA:90,0
DA:91,0
DA:92,0
DA:94,0
DA:95,0
DA:98,0
DA:100,0
DA:105,0
DA:112,0
DA:113,0
DA:114,0
DA:116,0
DA:117,0
DA:120,0
DA:122,0
DA:127,0
LF:46
LH:0
BRDA:27,0,0,0
BRDA:27,0,1,0
BRDA:29,1,0,0
BRDA:29,2,0,0
BRDA:29,2,1,0
BRDA:58,3,0,0
BRDA:58,3,1,0
BRDA:59,4,0,0
BRDA:59,4,1,0
BRDA:62,5,0,0
BRDA:62,6,0,0
BRDA:62,6,1,0
BRDA:62,6,2,0
BRDA:62,6,3,0
BRDA:62,6,4,0
BRDA:62,6,5,0
BRDA:92,7,0,0
BRDA:92,7,1,0
BRDA:94,8,0,0
BRDA:114,9,0,0
BRDA:114,9,1,0
BRDA:116,10,0,0
BRF:22
BRH:0
end_of_record
TN:
SF:src\controllers\EventController.ts
FN:18,(anonymous_0)
FN:34,(anonymous_1)
FN:117,(anonymous_2)
FN:134,(anonymous_3)
FN:155,(anonymous_4)
FN:175,(anonymous_5)
FN:195,(anonymous_6)
FN:243,(anonymous_7)
FN:296,(anonymous_8)
FN:327,(anonymous_9)
FN:359,(anonymous_10)
FN:386,(anonymous_11)
FN:413,(anonymous_12)
FN:445,(anonymous_13)
FNF:14
FNH:0
FNDA:0,(anonymous_0)
FNDA:0,(anonymous_1)
FNDA:0,(anonymous_2)
FNDA:0,(anonymous_3)
FNDA:0,(anonymous_4)
FNDA:0,(anonymous_5)
FNDA:0,(anonymous_6)
FNDA:0,(anonymous_7)
FNDA:0,(anonymous_8)
FNDA:0,(anonymous_9)
FNDA:0,(anonymous_10)
FNDA:0,(anonymous_11)
FNDA:0,(anonymous_12)
FNDA:0,(anonymous_13)
DA:8,0
DA:9,0
DA:10,0
DA:11,0
DA:12,0
DA:14,0
DA:15,0
DA:18,0
DA:19,0
DA:20,0
DA:21,0
DA:22,0
DA:34,0
DA:45,0
DA:46,0
DA:49,0
DA:50,0
DA:53,0
DA:54,0
DA:58,0
DA:59,0
DA:60,0
DA:68,0
DA:69,0
DA:70,0
DA:71,0
DA:74,0
DA:75,0
DA:76,0
DA:79,0
DA:80,0
DA:83,0
DA:91,0
DA:104,0
DA:110,0
DA:117,0
DA:118,0
DA:120,0
DA:122,0
DA:127,0
DA:134,0
DA:135,0
DA:136,0
DA:138,0
DA:139,0
DA:141,0
DA:143,0
DA:148,0
DA:155,0
DA:156,0
DA:157,0
DA:158,0
DA:159,0
DA:161,0
DA:163,0
DA:168,0
DA:175,0
DA:176,0
DA:177,0
DA:179,0
DA:181,0
DA:186,0
DA:195,0
DA:196,0
DA:197,0
DA:198,0
DA:199,0
DA:201,0
DA:205,0
DA:206,0
DA:207,0
DA:209,0
DA:211,0
DA:216,0
DA:217,0
DA:221,0
DA:223,0
DA:228,0
DA:243,0
DA:244,0
DA:247,0
DA:248,0
DA:252,0
DA:257,0
DA:258,0
DA:260,0
DA:264,0
DA:267,0
DA:269,0
DA:270,0
DA:274,0
DA:276,0
DA:277,0
DA:281,0
DA:283,0
DA:296,0
DA:297,0
DA:298,0
DA:301,0
DA:302,0
DA:304,0
DA:305,0
DA:308,0
DA:310,0
DA:311,0
DA:313,0
DA:315,0
DA:320,0
DA:327,0
DA:328,0
DA:329,0
DA:332,0
DA:333,0
DA:335,0
DA:336,0
DA:339,0
DA:341,0
DA:342,0
DA:343,0
DA:345,0
DA:347,0
DA:352,0
DA:359,0
DA:360,0
DA:362,0
DA:363,0
DA:367,0
DA:368,0
DA:369,0
DA:370,0
DA:372,0
DA:374,0
DA:379,0
DA:386,0
DA:387,0
DA:389,0
DA:390,0
DA:393,0
DA:395,0
DA:397,0
DA:402,0
DA:413,0
DA:414,0
DA:415,0
DA:416,0
DA:419,0
DA:420,0
DA:421,0
DA:422,0
DA:424,0
DA:432,0
DA:437,0
DA:445,0
DA:446,0
DA:447,0
DA:450,0
DA:454,0
DA:455,0
DA:457,0
DA:461,0
DA:462,0
DA:464,0
DA:465,0
DA:468,0
DA:470,0
DA:475,0
LF:166
LH:0
BRDA:49,0,0,0
BRDA:53,1,0,0
BRDA:53,2,0,0
BRDA:53,2,1,0
BRDA:58,3,0,0
BRDA:58,3,1,0
BRDA:58,3,2,0
BRDA:59,4,0,0
BRDA:59,5,0,0
BRDA:59,5,1,0
BRDA:68,6,0,0
BRDA:74,7,0,0
BRDA:74,8,0,0
BRDA:74,8,1,0
BRDA:79,9,0,0
BRDA:139,10,0,0
BRDA:139,10,1,0
BRDA:159,11,0,0
BRDA:159,11,1,0
BRDA:177,12,0,0
BRDA:177,12,1,0
BRDA:196,13,0,0
BRDA:196,13,1,0
BRDA:197,14,0,0
BRDA:197,14,1,0
BRDA:198,15,0,0
BRDA:198,15,1,0
BRDA:199,16,0,0
BRDA:199,16,1,0
BRDA:201,17,0,0
BRDA:201,17,1,0
BRDA:205,18,0,0
BRDA:205,19,0,0
BRDA:205,19,1,0
BRDA:205,19,2,0
BRDA:205,19,3,0
BRDA:206,20,0,0
BRDA:206,21,0,0
BRDA:206,21,1,0
BRDA:206,21,2,0
BRDA:206,21,3,0
BRDA:247,22,0,0
BRDA:269,23,0,0
BRDA:276,24,0,0
BRDA:297,25,0,0
BRDA:297,25,1,0
BRDA:298,26,0,0
BRDA:298,26,1,0
BRDA:301,27,0,0
BRDA:301,28,0,0
BRDA:301,28,1,0
BRDA:301,28,2,0
BRDA:301,28,3,0
BRDA:304,29,0,0
BRDA:304,30,0,0
BRDA:304,30,1,0
BRDA:304,30,2,0
BRDA:304,30,3,0
BRDA:308,31,0,0
BRDA:308,31,1,0
BRDA:310,32,0,0
BRDA:310,32,1,0
BRDA:311,33,0,0
BRDA:311,33,1,0
BRDA:328,34,0,0
BRDA:328,34,1,0
BRDA:329,35,0,0
BRDA:329,35,1,0
BRDA:332,36,0,0
BRDA:332,37,0,0
BRDA:332,37,1,0
BRDA:332,37,2,0
BRDA:332,37,3,0
BRDA:335,38,0,0
BRDA:335,39,0,0
BRDA:335,39,1,0
BRDA:335,39,2,0
BRDA:335,39,3,0
BRDA:339,40,0,0
BRDA:339,40,1,0
BRDA:341,41,0,0
BRDA:341,41,1,0
BRDA:342,42,0,0
BRDA:342,42,1,0
BRDA:343,43,0,0
BRDA:343,43,1,0
BRDA:362,44,0,0
BRDA:368,45,0,0
BRDA:368,45,1,0
BRDA:370,46,0,0
BRDA:370,46,1,0
BRDA:389,47,0,0
BRDA:389,48,0,0
BRDA:389,48,1,0
BRDA:393,49,0,0
BRDA:393,49,1,0
BRDA:415,50,0,0
BRDA:419,51,0,0
BRDA:419,51,1,0
BRDA:420,52,0,0
BRDA:420,52,1,0
BRDA:421,53,0,0
BRDA:421,53,1,0
BRDA:422,54,0,0
BRDA:422,54,1,0
BRDA:446,55,0,0
BRDA:464,56,0,0
BRDA:464,57,0,0
BRDA:464,57,1,0
BRF:109
BRH:0
end_of_record
TN:
SF:src\controllers\FeedController.ts
FN:16,(anonymous_0)
FN:23,(anonymous_1)
FN:49,(anonymous_2)
FN:75,(anonymous_3)
FN:102,(anonymous_4)
FN:119,(anonymous_5)
FN:137,(anonymous_6)
FNF:7
FNH:0
FNDA:0,(anonymous_0)
FNDA:0,(anonymous_1)
FNDA:0,(anonymous_2)
FNDA:0,(anonymous_3)
FNDA:0,(anonymous_4)
FNDA:0,(anonymous_5)
FNDA:0,(anonymous_6)
DA:8,0
DA:10,0
DA:11,0
DA:14,0
DA:16,0
DA:17,0
DA:23,0
DA:24,0
DA:26,0
DA:27,0
DA:30,0
DA:31,0
DA:32,0
DA:35,0
DA:36,0
DA:39,0
DA:41,0
DA:42,0
DA:49,0
DA:50,0
DA:52,0
DA:53,0
DA:56,0
DA:57,0
DA:58,0
DA:61,0
DA:62,0
DA:65,0
DA:67,0
DA:68,0
DA:75,0
DA:76,0
DA:78,0
DA:79,0
DA:82,0
DA:83,0
DA:84,0
DA:87,0
DA:88,0
DA:91,0
DA:92,0
DA:94,0
DA:95,0
DA:102,0
DA:103,0
DA:105,0
DA:106,0
DA:109,0
DA:111,0
DA:112,0
DA:119,0
DA:120,0
DA:122,0
DA:123,0
DA:126,0
DA:128,0
DA:129,0
DA:137,0
DA:138,0
DA:140,0
DA:141,0
DA:144,0
DA:147,0
DA:148,0
DA:152,0
DA:153,0
DA:156,0
DA:158,0
DA:159,0
LF:69
LH:0
BRDA:26,0,0,0
BRDA:31,1,0,0
BRDA:31,1,1,0
BRDA:32,2,0,0
BRDA:32,2,1,0
BRDA:35,3,0,0
BRDA:35,4,0,0
BRDA:35,4,1,0
BRDA:52,5,0,0
BRDA:57,6,0,0
BRDA:57,6,1,0
BRDA:58,7,0,0
BRDA:58,7,1,0
BRDA:61,8,0,0
BRDA:61,9,0,0
BRDA:61,9,1,0
BRDA:78,10,0,0
BRDA:83,11,0,0
BRDA:83,11,1,0
BRDA:84,12,0,0
BRDA:84,12,1,0
BRDA:87,13,0,0
BRDA:87,14,0,0
BRDA:87,14,1,0
BRDA:105,15,0,0
BRDA:122,16,0,0
BRDA:140,17,0,0
BRDA:147,18,0,0
BRDA:147,19,0,0
BRDA:147,19,1,0
BRDA:152,20,0,0
BRDA:152,21,0,0
BRDA:152,21,1,0
BRF:33
BRH:0
end_of_record
TN:
SF:src\controllers\FollowController.ts
FN:20,(anonymous_0)
FN:28,(anonymous_1)
FN:63,(anonymous_2)
FN:92,(anonymous_3)
FN:123,(anonymous_4)
FN:152,(anonymous_5)
FNF:6
FNH:1
FNDA:1,(anonymous_0)
FNDA:0,(anonymous_1)
FNDA:0,(anonymous_2)
FNDA:0,(anonymous_3)
FNDA:0,(anonymous_4)
FNDA:0,(anonymous_5)
DA:8,1
DA:10,1
DA:11,1
DA:15,1
DA:17,1
DA:21,1
DA:28,1
DA:29,0
DA:31,0
DA:32,0
DA:35,0
DA:38,0
DA:39,0
DA:43,0
DA:44,0
DA:47,0
DA:49,0
DA:56,0
DA:63,1
DA:64,0
DA:66,0
DA:67,0
DA:70,0
DA:73,0
DA:74,0
DA:77,0
DA:79,0
DA:85,0
DA:92,1
DA:93,0
DA:95,0
DA:96,0
DA:99,0
DA:102,0
DA:103,0
DA:106,0
DA:108,0
DA:116,0
DA:123,1
DA:124,0
DA:127,0
DA:128,0
DA:131,0
DA:132,0
DA:134,0
DA:136,0
DA:137,0
DA:140,0
DA:145,0
DA:152,1
DA:153,0
DA:156,0
DA:157,0
DA:160,0
DA:161,0
DA:163,0
DA:165,0
DA:166,0
DA:169,0
DA:174,0
LF:60
LH:11
BRDA:31,0,0,0
BRDA:38,1,0,0
BRDA:43,2,0,0
BRDA:66,3,0,0
BRDA:73,4,0,0
BRDA:95,5,0,0
BRDA:102,6,0,0
BRDA:127,7,0,0
BRDA:131,8,0,0
BRDA:131,8,1,0
BRDA:132,9,0,0
BRDA:132,9,1,0
BRDA:136,10,0,0
BRDA:156,11,0,0
BRDA:160,12,0,0
BRDA:160,12,1,0
BRDA:161,13,0,0
BRDA:161,13,1,0
BRDA:165,14,0,0
BRDA:21,15,0,1
BRDA:21,15,1,1
BRF:21
BRH:2
end_of_record
TN:
SF:src\controllers\NotificationController.ts
FN:17,(anonymous_0)
FN:25,(anonymous_1)
FN:52,(anonymous_2)
FN:73,(anonymous_3)
FN:100,(anonymous_4)
FN:122,(anonymous_5)
FNF:6
FNH:0
FNDA:0,(anonymous_0)
FNDA:0,(anonymous_1)
FNDA:0,(anonymous_2)
FNDA:0,(anonymous_3)
FNDA:0,(anonymous_4)
FNDA:0,(anonymous_5)
DA:8,0
DA:10,0
DA:11,0
DA:15,0
DA:17,0
DA:18,0
DA:25,0
DA:26,0
DA:28,0
DA:29,0
DA:32,0
DA:33,0
DA:35,0
DA:40,0
DA:45,0
DA:52,0
DA:53,0
DA:55,0
DA:56,0
DA:59,0
DA:61,0
DA:66,0
DA:73,0
DA:74,0
DA:76,0
DA:77,0
DA:80,0
DA:82,0
DA:83,0
DA:86,0
DA:88,0
DA:93,0
DA:100,0
DA:101,0
DA:103,0
DA:104,0
DA:107,0
DA:109,0
DA:115,0
DA:122,0
DA:123,0
DA:125,0
DA:126,0
DA:129,0
DA:131,0
DA:132,0
DA:135,0
DA:137,0
DA:142,0
LF:49
LH:0
BRDA:28,0,0,0
BRDA:32,1,0,0
BRDA:32,1,1,0
BRDA:33,2,0,0
BRDA:33,2,1,0
BRDA:55,3,0,0
BRDA:76,4,0,0
BRDA:82,5,0,0
BRDA:103,6,0,0
BRDA:125,7,0,0
BRDA:131,8,0,0
BRF:11
BRH:0
end_of_record
TN:
SF:src\controllers\OnboardingController.ts
FN:23,(anonymous_0)
FN:32,(anonymous_1)
FN:53,(anonymous_2)
FN:72,(anonymous_3)
FN:91,(anonymous_4)
FNF:5
FNH:0
FNDA:0,(anonymous_0)
FNDA:0,(anonymous_1)
FNDA:0,(anonymous_2)
FNDA:0,(anonymous_3)
FNDA:0,(anonymous_4)
DA:8,0
DA:10,0
DA:11,0
DA:20,0
DA:24,0
DA:32,0
DA:33,0
DA:34,0
DA:35,0
DA:38,0
DA:40,0
DA:42,0
DA:46,0
DA:53,0
DA:54,0
DA:55,0
DA:56,0
DA:59,0
DA:61,0
DA:65,0
DA:72,0
DA:73,0
DA:74,0
DA:75,0
DA:78,0
DA:80,0
DA:84,0
DA:91,0
DA:92,0
DA:93,0
DA:94,0
DA:97,0
DA:102,0
DA:106,0
LF:34
LH:0
BRDA:34,0,0,0
BRDA:55,1,0,0
BRDA:74,2,0,0
BRDA:93,3,0,0
BRDA:24,4,0,0
BRDA:24,4,1,0
BRF:6
BRH:0
end_of_record
TN:
SF:src\controllers\PasswordResetController.ts
FN:22,(anonymous_0)
FN:32,(anonymous_1)
FN:50,(anonymous_2)
FN:62,(anonymous_3)
FNF:4
FNH:0
FNDA:0,(anonymous_0)
FNDA:0,(anonymous_1)
FNDA:0,(anonymous_2)
FNDA:0,(anonymous_3)
DA:9,0
DA:10,0
DA:19,0
DA:23,0
DA:32,0
DA:35,0
DA:36,0
DA:38,0
DA:40,0
DA:42,0
DA:47,0
DA:48,0
DA:49,0
DA:50,0
DA:53,0
DA:62,0
DA:63,0
DA:65,0
DA:67,0
DA:72,0
DA:76,0
LF:21
LH:0
BRDA:49,0,0,0
BRDA:23,1,0,0
BRDA:23,1,1,0
BRF:3
BRH:0
end_of_record
TN:
SF:src\controllers\ReportController.ts
FN:24,(anonymous_0)
FN:35,(anonymous_1)
FN:73,(anonymous_2)
FN:98,(anonymous_3)
FNF:4
FNH:0
FNDA:0,(anonymous_0)
FNDA:0,(anonymous_1)
FNDA:0,(anonymous_2)
FNDA:0,(anonymous_3)
DA:17,0
DA:18,0
DA:20,0
DA:21,0
DA:24,0
DA:25,0
DA:26,0
DA:35,0
DA:36,0
DA:38,0
DA:39,0
DA:43,0
DA:44,0
DA:46,0
DA:47,0
DA:50,0
DA:52,0
DA:59,0
DA:64,0
DA:73,0
DA:74,0
DA:75,0
DA:77,0
DA:79,0
DA:89,0
DA:98,0
DA:99,0
DA:101,0
DA:102,0
DA:105,0
DA:106,0
DA:108,0
DA:110,0
DA:115,0
LF:34
LH:0
BRDA:38,0,0,0
BRDA:46,1,0,0
BRDA:74,2,0,0
BRDA:74,2,1,0
BRDA:75,3,0,0
BRDA:75,3,1,0
BRDA:101,4,0,0
BRF:7
BRH:0
end_of_record
TN:
SF:src\controllers\RsvpController.ts
FN:22,(anonymous_0)
FN:30,(anonymous_1)
FN:51,(anonymous_2)
FN:72,(anonymous_3)
FNF:4
FNH:0
FNDA:0,(anonymous_0)
FNDA:0,(anonymous_1)
FNDA:0,(anonymous_2)
FNDA:0,(anonymous_3)
DA:8,0
DA:10,0
DA:11,0
DA:19,0
DA:23,0
DA:30,0
DA:31,0
DA:32,0
DA:33,0
DA:36,0
DA:38,0
DA:40,0
DA:44,0
DA:51,0
DA:52,0
DA:53,0
DA:54,0
DA:57,0
DA:59,0
DA:61,0
DA:65,0
DA:72,0
DA:73,0
DA:74,0
DA:75,0
DA:78,0
DA:80,0
DA:84,0
LF:28
LH:0
BRDA:32,0,0,0
BRDA:53,1,0,0
BRDA:74,2,0,0
BRDA:23,3,0,0
BRDA:23,3,1,0
BRF:5
BRH:0
end_of_record
TN:
SF:src\controllers\SearchController.ts
FN:21,(anonymous_0)
FN:32,(anonymous_1)
FN:44,(anonymous_2)
FN:45,(anonymous_3)
FNF:4
FNH:0
FNDA:0,(anonymous_0)
FNDA:0,(anonymous_1)
FNDA:0,(anonymous_2)
FNDA:0,(anonymous_3)
DA:8,0
DA:10,0
DA:11,0
DA:21,0
DA:22,0
DA:32,0
DA:33,0
DA:35,0
DA:36,0
DA:40,0
DA:43,0
DA:44,0
DA:45,0
DA:46,0
DA:49,0
DA:50,0
DA:55,0
DA:56,0
DA:57,0
DA:58,0
DA:59,0
DA:63,0
DA:65,0
DA:70,0
LF:24
LH:0
BRDA:35,0,0,0
BRDA:35,1,0,0
BRDA:35,1,1,0
BRDA:43,2,0,0
BRDA:49,3,0,0
BRDA:56,4,0,0
BRDA:58,5,0,0
BRDA:58,6,0,0
BRDA:58,6,1,0
BRF:9
BRH:0
end_of_record
TN:
SF:src\controllers\ShareController.ts
FN:33,escapeHtml
FN:67,(anonymous_11)
FN:79,(anonymous_12)
FN:124,(anonymous_13)
FN:134,(anonymous_14)
FN:171,(anonymous_15)
FN:237,(anonymous_16)
FN:243,(anonymous_17)
FNF:8
FNH:0
FNDA:0,escapeHtml
FNDA:0,(anonymous_11)
FNDA:0,(anonymous_12)
FNDA:0,(anonymous_13)
FNDA:0,(anonymous_14)
FNDA:0,(anonymous_15)
FNDA:0,(anonymous_16)
FNDA:0,(anonymous_17)
DA:15,0
DA:16,0
DA:17,0
DA:18,0
DA:19,0
DA:21,0
DA:22,0
DA:23,0
DA:34,0
DA:47,0
DA:48,0
DA:53,0
DA:54,0
DA:62,0
DA:68,0
DA:69,0
DA:70,0
DA:79,0
DA:80,0
DA:81,0
DA:82,0
DA:85,0
DA:88,0
DA:90,0
DA:91,0
DA:95,0
DA:111,0
DA:115,0
DA:124,0
DA:125,0
DA:126,0
DA:127,0
DA:130,0
DA:133,0
DA:134,0
DA:136,0
DA:137,0
DA:140,0
DA:141,0
DA:142,0
DA:145,0
DA:157,0
DA:161,0
DA:171,0
DA:172,0
DA:175,0
DA:177,0
DA:178,0
DA:179,0
DA:182,0
DA:183,0
DA:184,0
DA:185,0
DA:187,0
DA:188,0
DA:191,0
DA:192,0
DA:193,0
DA:208,0
DA:213,0
DA:214,0
DA:215,0
DA:216,0
DA:218,0
DA:227,0
DA:228,0
DA:237,0
DA:238,0
DA:243,0
DA:244,0
DA:246,0
DA:258,0
DA:259,0
DA:260,0
DA:263,0
DA:265,0
DA:266,0
DA:267,0
DA:269,0
DA:270,0
DA:273,0
DA:274,0
DA:275,0
DA:286,0
DA:291,0
DA:292,0
DA:293,0
DA:294,0
DA:296,0
DA:305,0
DA:306,0
LF:91
LH:0
BRDA:81,0,0,0
BRDA:90,1,0,0
BRDA:96,2,0,0
BRDA:96,2,1,0
BRDA:97,3,0,0
BRDA:97,3,1,0
BRDA:98,4,0,0
BRDA:98,4,1,0
BRDA:99,5,0,0
BRDA:99,5,1,0
BRDA:100,6,0,0
BRDA:100,6,1,0
BRDA:107,7,0,0
BRDA:107,7,1,0
BRDA:126,8,0,0
BRDA:136,9,0,0
BRDA:141,10,0,0
BRDA:146,11,0,0
BRDA:146,11,1,0
BRDA:148,12,0,0
BRDA:148,12,1,0
BRDA:177,13,0,0
BRDA:182,14,0,0
BRDA:182,14,1,0
BRDA:183,15,0,0
BRDA:183,15,1,0
BRDA:184,16,0,0
BRDA:184,16,1,0
BRDA:185,17,0,0
BRDA:185,17,1,0
BRDA:188,18,0,0
BRDA:188,18,1,0
BRDA:194,19,0,0
BRDA:194,19,1,0
BRDA:195,20,0,0
BRDA:195,20,1,0
BRDA:196,21,0,0
BRDA:196,21,1,0
BRDA:197,22,0,0
BRDA:197,22,1,0
BRDA:198,23,0,0
BRDA:198,23,1,0
BRDA:205,24,0,0
BRDA:205,24,1,0
BRDA:213,25,0,0
BRDA:213,25,1,0
BRDA:215,26,0,0
BRDA:215,26,1,0
BRDA:216,27,0,0
BRDA:216,27,1,0
BRDA:258,28,0,0
BRDA:266,29,0,0
BRDA:266,29,1,0
BRDA:278,30,0,0
BRDA:278,30,1,0
BRDA:291,31,0,0
BRDA:291,31,1,0
BRDA:293,32,0,0
BRDA:293,32,1,0
BRDA:294,33,0,0
BRDA:294,33,1,0
BRF:61
BRH:0
end_of_record
TN:
SF:src\controllers\SubscriptionController.ts
FN:14,(anonymous_1)
FN:21,(anonymous_2)
FN:66,(anonymous_3)
FNF:3
FNH:0
FNDA:0,(anonymous_1)
FNDA:0,(anonymous_2)
FNDA:0,(anonymous_3)
DA:8,0
DA:9,0
DA:10,0
DA:11,0
DA:12,0
DA:14,0
DA:15,0
DA:21,0
DA:23,0
DA:24,0
DA:25,0
DA:26,0
DA:27,0
DA:30,0
DA:31,0
DA:34,0
DA:35,0
DA:36,0
DA:40,0
DA:41,0
DA:42,0
DA:46,0
DA:47,0
DA:48,0
DA:49,0
DA:53,0
DA:60,0
DA:66,0
DA:68,0
DA:69,0
DA:70,0
DA:72,0
DA:73,0
LF:33
LH:0
BRDA:24,0,0,0
BRDA:30,1,0,0
BRDA:30,1,1,0
BRDA:36,2,0,0
BRDA:37,3,0,0
BRDA:37,3,1,0
BRDA:47,4,0,0
BRDA:47,5,0,0
BRDA:47,5,1,0
BRDA:47,5,2,0
BRDA:69,6,0,0
BRF:11
BRH:0
end_of_record
TN:
SF:src\controllers\TrendingController.ts
FN:17,(anonymous_0)
FN:26,(anonymous_1)
FNF:2
FNH:0
FNDA:0,(anonymous_0)
FNDA:0,(anonymous_1)
DA:8,0
DA:10,0
DA:11,0
DA:14,0
DA:18,0
DA:26,0
DA:27,0
DA:28,0
DA:29,0
DA:32,0
DA:33,0
DA:35,0
DA:36,0
DA:39,0
DA:40,0
DA:41,0
DA:43,0
DA:49,0
DA:54,0
LF:19
LH:0
BRDA:28,0,0,0
BRDA:32,1,0,0
BRDA:32,1,1,0
BRDA:33,2,0,0
BRDA:33,2,1,0
BRDA:35,3,0,0
BRDA:35,4,0,0
BRDA:35,4,1,0
BRDA:35,4,2,0
BRDA:35,4,3,0
BRDA:39,5,0,0
BRDA:39,5,1,0
BRDA:40,6,0,0
BRDA:40,6,1,0
BRDA:41,7,0,0
BRDA:41,7,1,0
BRDA:18,8,0,0
BRDA:18,8,1,0
BRF:18
BRH:0
end_of_record
TN:
SF:src\controllers\UserController.ts
FN:19,(anonymous_0)
FN:29,(anonymous_1)
FN:47,(anonymous_2)
FN:76,(anonymous_3)
FN:105,(anonymous_4)
FN:129,(anonymous_5)
FN:167,(anonymous_6)
FN:195,(anonymous_7)
FN:225,(anonymous_8)
FN:246,(anonymous_9)
FN:274,(anonymous_10)
FN:296,(anonymous_11)
FN:325,(anonymous_12)
FNF:13
FNH:5
FNDA:26,(anonymous_0)
FNDA:10,(anonymous_1)
FNDA:12,(anonymous_2)
FNDA:1,(anonymous_3)
FNDA:0,(anonymous_4)
FNDA:0,(anonymous_5)
FNDA:0,(anonymous_6)
FNDA:0,(anonymous_7)
FNDA:0,(anonymous_8)
FNDA:6,(anonymous_9)
FNDA:0,(anonymous_10)
FNDA:0,(anonymous_11)
FNDA:0,(anonymous_12)
DA:2,4
DA:3,4
DA:4,4
DA:6,4
DA:7,4
DA:8,4
DA:12,4
DA:14,4
DA:20,26
DA:21,26
DA:22,26
DA:29,26
DA:30,10
DA:32,10
DA:34,3
DA:40,3
DA:47,26
DA:48,12
DA:50,12
DA:51,12
DA:54,6
DA:56,6
DA:62,6
DA:65,6
DA:66,6
DA:67,6
DA:68,6
DA:76,26
DA:77,1
DA:78,0
DA:81,1
DA:83,1
DA:84,0
DA:88,1
DA:90,1
DA:98,1
DA:105,26
DA:106,0
DA:107,0
DA:110,0
DA:111,0
DA:114,0
DA:116,0
DA:122,0
DA:129,26
DA:130,0
DA:132,0
DA:134,0
DA:135,0
DA:139,0
DA:142,0
DA:155,0
DA:160,0
DA:167,26
DA:168,0
DA:169,0
DA:172,0
DA:174,0
DA:179,0
DA:195,26
DA:196,0
DA:198,0
DA:199,0
DA:201,0
DA:209,0
DA:225,26
DA:226,0
DA:228,0
DA:229,0
DA:231,0
DA:239,0
DA:246,26
DA:247,6
DA:250,6
DA:251,1
DA:255,5
DA:256,4
DA:257,1
DA:260,3
DA:262,2
DA:267,2
DA:274,26
DA:275,0
DA:278,0
DA:279,0
DA:282,0
DA:284,0
DA:289,0
DA:296,26
DA:297,0
DA:299,0
DA:300,0
DA:303,0
DA:304,0
DA:306,0
DA:308,0
DA:318,0
DA:325,26
DA:326,0
DA:327,0
DA:330,0
DA:331,0
DA:334,0
DA:335,0
DA:337,0
DA:339,0
LF:106
LH:52
BRDA:65,0,0,6
BRDA:65,0,1,0
BRDA:66,1,0,6
BRDA:66,1,1,0
BRDA:77,2,0,0
BRDA:83,3,0,0
BRDA:106,4,0,0
BRDA:134,5,0,0
BRDA:168,6,0,0
BRDA:250,7,0,1
BRDA:256,8,0,1
BRDA:278,9,0,0
BRDA:297,10,0,0
BRDA:297,11,0,0
BRDA:299,12,0,0
BRDA:299,13,0,0
BRDA:299,13,1,0
BRDA:299,13,2,0
BRDA:303,14,0,0
BRDA:303,14,1,0
BRDA:304,15,0,0
BRDA:304,15,1,0
BRDA:326,16,0,0
BRDA:330,17,0,0
BRDA:334,18,0,0
BRDA:334,18,1,0
BRDA:334,19,0,0
BRDA:334,19,1,0
BRDA:20,20,0,26
BRDA:20,20,1,1
BRF:30
BRH:6
end_of_record
TN:
SF:src\controllers\UserDiscoveryController.ts
FN:21,(anonymous_0)
FN:31,(anonymous_1)
FNF:2
FNH:0
FNDA:0,(anonymous_0)
FNDA:0,(anonymous_1)
DA:8,0
DA:10,0
DA:11,0
DA:21,0
DA:22,0
DA:31,0
DA:32,0
DA:34,0
DA:35,0
DA:38,0
DA:39,0
DA:41,0
DA:43,0
DA:44,0
LF:14
LH:0
BRDA:34,0,0,0
BRDA:38,1,0,0
BRDA:38,1,1,0
BRDA:39,2,0,0
BRDA:39,2,1,0
BRF:5
BRH:0
end_of_record
TN:
SF:src\controllers\VenueController.ts
FN:17,(anonymous_0)
FN:27,(anonymous_1)
FN:50,(anonymous_2)
FN:76,(anonymous_3)
FN:104,(anonymous_4)
FN:136,(anonymous_5)
FN:165,(anonymous_6)
FN:181,(anonymous_7)
FN:210,(anonymous_8)
FNF:9
FNH:0
FNDA:0,(anonymous_0)
FNDA:0,(anonymous_1)
FNDA:0,(anonymous_2)
FNDA:0,(anonymous_3)
FNDA:0,(anonymous_4)
FNDA:0,(anonymous_5)
FNDA:0,(anonymous_6)
FNDA:0,(anonymous_7)
FNDA:0,(anonymous_8)
DA:8,0
DA:9,0
DA:10,0
DA:11,0
DA:13,0
DA:14,0
DA:17,0
DA:18,0
DA:19,0
DA:20,0
DA:21,0
DA:27,0
DA:28,0
DA:31,0
DA:32,0
DA:35,0
DA:37,0
DA:43,0
DA:50,0
DA:51,0
DA:62,0
DA:64,0
DA:69,0
DA:76,0
DA:77,0
DA:79,0
DA:81,0
DA:82,0
DA:86,0
DA:91,0
DA:96,0
DA:104,0
DA:105,0
DA:106,0
DA:109,0
DA:112,0
DA:113,0
DA:115,0
DA:116,0
DA:119,0
DA:120,0
DA:122,0
DA:128,0
DA:136,0
DA:137,0
DA:138,0
DA:141,0
DA:144,0
DA:145,0
DA:147,0
DA:148,0
DA:151,0
DA:153,0
DA:158,0
DA:165,0
DA:166,0
DA:167,0
DA:169,0
DA:174,0
DA:181,0
DA:182,0
DA:183,0
DA:184,0
DA:185,0
DA:187,0
DA:188,0
DA:191,0
DA:192,0
DA:195,0
DA:197,0
DA:202,0
DA:210,0
DA:211,0
DA:213,0
DA:214,0
DA:217,0
DA:219,0
DA:227,0
LF:78
LH:0
BRDA:31,0,0,0
BRDA:55,1,0,0
BRDA:55,1,1,0
BRDA:56,2,0,0
BRDA:56,2,1,0
BRDA:57,3,0,0
BRDA:57,3,1,0
BRDA:81,4,0,0
BRDA:105,5,0,0
BRDA:115,6,0,0
BRDA:115,7,0,0
BRDA:115,7,1,0
BRDA:137,8,0,0
BRDA:147,9,0,0
BRDA:147,10,0,0
BRDA:147,10,1,0
BRDA:166,11,0,0
BRDA:166,11,1,0
BRDA:184,12,0,0
BRDA:184,12,1,0
BRDA:185,13,0,0
BRDA:185,13,1,0
BRDA:187,14,0,0
BRDA:187,15,0,0
BRDA:187,15,1,0
BRDA:191,16,0,0
BRDA:191,17,0,0
BRDA:191,17,1,0
BRDA:191,17,2,0
BRDA:191,17,3,0
BRDA:213,18,0,0
BRDA:222,19,0,0
BRDA:222,19,1,0
BRDA:227,20,0,0
BRDA:227,20,1,0
BRF:35
BRH:0
end_of_record
TN:
SF:src\controllers\WishlistController.ts
FN:20,(anonymous_0)
FN:29,(anonymous_1)
FN:67,(anonymous_2)
FN:96,(anonymous_3)
FN:129,(anonymous_4)
FN:153,(anonymous_5)
FN:190,(anonymous_6)
FNF:7
FNH:0
FNDA:0,(anonymous_0)
FNDA:0,(anonymous_1)
FNDA:0,(anonymous_2)
FNDA:0,(anonymous_3)
FNDA:0,(anonymous_4)
FNDA:0,(anonymous_5)
FNDA:0,(anonymous_6)
DA:8,0
DA:10,0
DA:11,0
DA:15,0
DA:17,0
DA:21,0
DA:29,0
DA:30,0
DA:32,0
DA:33,0
DA:36,0
DA:39,0
DA:40,0
DA:44,0
DA:45,0
DA:48,0
DA:54,0
DA:60,0
DA:67,0
DA:68,0
DA:70,0
DA:71,0
DA:74,0
DA:77,0
DA:78,0
DA:81,0
DA:83,0
DA:89,0
DA:96,0
DA:97,0
DA:99,0
DA:100,0
DA:103,0
DA:105,0
DA:106,0
DA:110,0
DA:111,0
DA:114,0
DA:116,0
DA:122,0
DA:129,0
DA:130,0
DA:132,0
DA:133,0
DA:136,0
DA:137,0
DA:139,0
DA:141,0
DA:146,0
DA:153,0
DA:154,0
DA:156,0
DA:157,0
DA:160,0
DA:162,0
DA:163,0
DA:167,0
DA:168,0
DA:171,0
DA:173,0
DA:182,0
DA:190,0
DA:191,0
DA:193,0
DA:194,0
DA:197,0
DA:198,0
DA:201,0
DA:202,0
DA:206,0
DA:207,0
DA:210,0
DA:216,0
DA:217,0
DA:220,0
DA:226,0
LF:76
LH:0
BRDA:32,0,0,0
BRDA:36,1,0,0
BRDA:39,2,0,0
BRDA:44,3,0,0
BRDA:70,4,0,0
BRDA:77,5,0,0
BRDA:99,6,0,0
BRDA:105,7,0,0
BRDA:110,8,0,0
BRDA:132,9,0,0
BRDA:136,10,0,0
BRDA:136,10,1,0
BRDA:137,11,0,0
BRDA:137,11,1,0
BRDA:156,12,0,0
BRDA:162,13,0,0
BRDA:167,14,0,0
BRDA:178,15,0,0
BRDA:178,15,1,0
BRDA:193,16,0,0
BRDA:201,17,0,0
BRDA:206,18,0,0
BRDA:216,19,0,0
BRDA:21,20,0,0
BRDA:21,20,1,0
BRF:25
BRH:0
end_of_record
TN:
SF:src\controllers\WrappedController.ts
FN:19,(anonymous_1)
FN:23,(anonymous_2)
FN:37,(anonymous_3)
FN:50,(anonymous_4)
FN:80,(anonymous_5)
FN:130,(anonymous_6)
FNF:6
FNH:0
FNDA:0,(anonymous_1)
FNDA:0,(anonymous_2)
FNDA:0,(anonymous_3)
FNDA:0,(anonymous_4)
FNDA:0,(anonymous_5)
FNDA:0,(anonymous_6)
DA:8,0
DA:9,0
DA:10,0
DA:11,0
DA:14,0
DA:15,0
DA:16,0
DA:19,0
DA:20,0
DA:21,0
DA:23,0
DA:25,0
DA:26,0
DA:27,0
DA:29,0
DA:30,0
DA:31,0
DA:33,0
DA:34,0
DA:37,0
DA:38,0
DA:39,0
DA:40,0
DA:42,0
DA:43,0
DA:44,0
DA:46,0
DA:47,0
DA:50,0
DA:51,0
DA:52,0
DA:53,0
DA:54,0
DA:56,0
DA:57,0
DA:58,0
DA:61,0
DA:62,0
DA:63,0
DA:66,0
DA:76,0
DA:77,0
DA:80,0
DA:81,0
DA:82,0
DA:83,0
DA:84,0
DA:86,0
DA:87,0
DA:89,0
DA:90,0
DA:93,0
DA:94,0
DA:95,0
DA:99,0
DA:101,0
DA:102,0
DA:103,0
DA:104,0
DA:106,0
DA:107,0
DA:108,0
DA:109,0
DA:111,0
DA:112,0
DA:113,0
DA:114,0
DA:117,0
DA:126,0
DA:127,0
DA:130,0
DA:131,0
DA:134,0
DA:135,0
DA:136,0
DA:138,0
DA:139,0
DA:140,0
DA:141,0
DA:144,0
DA:145,0
DA:148,0
DA:149,0
DA:150,0
DA:152,0
DA:160,0
LF:86
LH:0
BRDA:26,0,0,0
BRDA:30,1,0,0
BRDA:30,2,0,0
BRDA:30,2,1,0
BRDA:30,2,2,0
BRDA:39,3,0,0
BRDA:43,4,0,0
BRDA:43,5,0,0
BRDA:43,5,1,0
BRDA:43,5,2,0
BRDA:53,6,0,0
BRDA:57,7,0,0
BRDA:62,8,0,0
BRDA:67,9,0,0
BRDA:67,9,1,0
BRDA:72,10,0,0
BRDA:72,10,1,0
BRDA:73,11,0,0
BRDA:73,11,1,0
BRDA:83,12,0,0
BRDA:89,13,0,0
BRDA:94,14,0,0
BRDA:99,15,0,0
BRDA:99,15,1,0
BRDA:99,15,2,0
BRDA:102,16,0,0
BRDA:102,16,1,0
BRDA:107,17,0,0
BRDA:107,17,1,0
BRDA:112,18,0,0
BRDA:112,18,1,0
BRDA:118,19,0,0
BRDA:118,19,1,0
BRDA:134,20,0,0
BRDA:139,21,0,0
BRDA:139,22,0,0
BRDA:139,22,1,0
BRDA:139,22,2,0
BRDA:150,23,0,0
BRDA:150,23,1,0
BRDA:157,24,0,0
BRDA:157,24,1,0
BRDA:158,25,0,0
BRDA:158,25,1,0
BRF:44
BRH:0
end_of_record
TN:
SF:src\jobs\badgeQueue.ts
FNF:0
FNH:0
DA:12,3
DA:13,3
DA:14,3
DA:20,3
DA:22,3
DA:23,3
DA:24,0
DA:37,0
DA:39,3
DA:40,3
DA:43,3
LF:11
LH:9
BRF:0
BRH:0
end_of_record
TN:
SF:src\jobs\badgeWorker.ts
FN:26,startBadgeEvalWorker
FN:36,(anonymous_2)
FN:63,(anonymous_3)
FN:67,(anonymous_4)
FN:76,(anonymous_5)
FN:90,stopBadgeEvalWorker
FNF:6
FNH:0
FNDA:0,startBadgeEvalWorker
FNDA:0,(anonymous_2)
FNDA:0,(anonymous_3)
FNDA:0,(anonymous_4)
FNDA:0,(anonymous_5)
FNDA:0,stopBadgeEvalWorker
DA:14,0
DA:15,0
DA:16,0
DA:17,0
DA:18,0
DA:26,0
DA:27,0
DA:28,0
DA:30,0
DA:31,0
DA:34,0
DA:37,0
DA:38,0
DA:39,0
DA:41,0
DA:42,0
DA:44,0
DA:45,0
DA:53,0
DA:63,0
DA:64,0
DA:67,0
DA:68,0
DA:73,0
DA:76,0
DA:77,0
DA:80,0
DA:82,0
DA:90,0
DA:91,0
DA:92,0
DA:93,0
DA:95,0
LF:33
LH:0
BRDA:68,0,0,0
BRDA:68,0,1,0
BRF:2
BRH:0
end_of_record
TN:
SF:src\jobs\eventSyncWorker.ts
FN:28,startEventSyncWorker
FN:38,(anonymous_2)
FN:68,(anonymous_3)
FN:72,(anonymous_4)
FN:81,(anonymous_5)
FN:95,stopEventSyncWorker
FNF:6
FNH:0
FNDA:0,startEventSyncWorker
FNDA:0,(anonymous_2)
FNDA:0,(anonymous_3)
FNDA:0,(anonymous_4)
FNDA:0,(anonymous_5)
FNDA:0,stopEventSyncWorker
DA:16,0
DA:17,0
DA:18,0
DA:19,0
DA:20,0
DA:28,0
DA:29,0
DA:30,0
DA:32,0
DA:33,0
DA:36,0
DA:39,0
DA:40,0
DA:42,0
DA:44,0
DA:45,0
DA:46,0
DA:49,0
DA:50,0
DA:51,0
DA:52,0
DA:54,0
DA:57,0
DA:58,0
DA:68,0
DA:69,0
DA:72,0
DA:73,0
DA:78,0
DA:81,0
DA:82,0
DA:85,0
DA:87,0
DA:95,0
DA:96,0
DA:97,0
DA:98,0
DA:100,0
LF:38
LH:0
BRDA:44,0,0,0
BRDA:44,0,1,0
BRDA:46,1,0,0
BRDA:46,1,1,0
BRDA:50,2,0,0
BRDA:50,2,1,0
BRDA:73,3,0,0
BRDA:73,3,1,0
BRF:8
BRH:0
end_of_record
TN:
SF:src\jobs\moderationQueue.ts
FNF:0
FNH:0
DA:14,0
DA:15,0
DA:16,0
DA:22,0
DA:24,0
DA:25,0
DA:26,0
DA:39,0
DA:41,0
DA:42,0
DA:45,0
LF:11
LH:0
BRF:0
BRH:0
end_of_record
TN:
SF:src\jobs\moderationWorker.ts
FN:38,startModerationWorker
FN:48,(anonymous_2)
FN:100,(anonymous_3)
FN:104,(anonymous_4)
FN:113,(anonymous_5)
FN:127,stopModerationWorker
FNF:6
FNH:0
FNDA:0,startModerationWorker
FNDA:0,(anonymous_2)
FNDA:0,(anonymous_3)
FNDA:0,(anonymous_4)
FNDA:0,(anonymous_5)
FNDA:0,stopModerationWorker
DA:17,0
DA:18,0
DA:19,0
DA:20,0
DA:22,0
DA:23,0
DA:38,0
DA:39,0
DA:40,0
DA:42,0
DA:43,0
DA:46,0
DA:49,0
DA:50,0
DA:51,0
DA:58,0
DA:59,0
DA:61,0
DA:63,0
DA:64,0
DA:71,0
DA:74,0
DA:82,0
DA:83,0
DA:90,0
DA:100,0
DA:101,0
DA:104,0
DA:105,0
DA:110,0
DA:113,0
DA:114,0
DA:117,0
DA:119,0
DA:127,0
DA:128,0
DA:129,0
DA:130,0
DA:132,0
LF:39
LH:0
BRDA:63,0,0,0
BRDA:105,1,0,0
BRDA:105,1,1,0
BRF:3
BRH:0
end_of_record
TN:
SF:src\jobs\notificationQueue.ts
FNF:0
FNH:0
DA:14,3
DA:15,3
DA:16,3
DA:22,3
DA:24,3
DA:25,3
DA:26,0
DA:39,0
DA:41,3
DA:44,3
DA:47,3
LF:11
LH:9
BRF:0
BRH:0
end_of_record
TN:
SF:src\jobs\notificationWorker.ts
FN:34,startNotificationWorker
FN:44,(anonymous_2)
FN:77,(anonymous_3)
FN:121,(anonymous_4)
FN:125,(anonymous_5)
FN:134,(anonymous_6)
FN:149,stopNotificationWorker
FNF:7
FNH:0
FNDA:0,startNotificationWorker
FNDA:0,(anonymous_2)
FNDA:0,(anonymous_3)
FNDA:0,(anonymous_4)
FNDA:0,(anonymous_5)
FNDA:0,(anonymous_6)
FNDA:0,stopNotificationWorker
DA:19,0
DA:20,0
DA:21,0
DA:22,0
DA:23,0
DA:24,0
DA:26,0
DA:34,0
DA:35,0
DA:36,0
DA:38,0
DA:39,0
DA:42,0
DA:45,0
DA:46,0
DA:49,0
DA:50,0
DA:53,0
DA:56,0
DA:57,0
DA:58,0
DA:59,0
DA:62,0
DA:65,0
DA:66,0
DA:67,0
DA:68,0
DA:69,0
DA:71,0
DA:72,0
DA:73,0
DA:76,0
DA:78,0
DA:79,0
DA:81,0
DA:86,0
DA:87,0
DA:90,0
DA:92,0
DA:93,0
DA:98,0
DA:101,0
DA:102,0
DA:103,0
DA:108,0
DA:111,0
DA:121,0
DA:122,0
DA:125,0
DA:126,0
DA:131,0
DA:134,0
DA:135,0
DA:138,0
DA:139,0
DA:141,0
DA:149,0
DA:150,0
DA:151,0
DA:153,0
DA:154,0
DA:155,0
DA:157,0
LF:63
LH:0
BRDA:49,0,0,0
BRDA:57,1,0,0
BRDA:69,2,0,0
BRDA:69,2,1,0
BRDA:69,2,2,0
BRDA:71,3,0,0
BRDA:71,4,0,0
BRDA:71,4,1,0
BRDA:86,5,0,0
BRDA:90,6,0,0
BRDA:90,6,1,0
BRDA:105,7,0,0
BRDA:105,7,1,0
BRDA:126,8,0,0
BRDA:126,8,1,0
BRDA:150,9,0,0
BRDA:150,9,1,0
BRDA:151,10,0,0
BRF:18
BRH:0
end_of_record
TN:
SF:src\jobs\queue.ts
FNF:0
FNH:0
DA:15,0
DA:16,0
DA:17,0
DA:23,0
DA:25,0
DA:27,0
DA:29,0
DA:46,0
DA:48,0
DA:52,0
DA:55,0
LF:11
LH:0
BRF:0
BRH:0
end_of_record
TN:
SF:src\jobs\syncScheduler.ts
FN:24,registerSyncJobs
FN:72,triggerManualSync
FNF:2
FNH:0
FNDA:0,registerSyncJobs
FNDA:0,triggerManualSync
DA:15,0
DA:16,0
DA:24,0
DA:25,0
DA:26,0
DA:27,0
DA:30,0
DA:32,0
DA:44,0
DA:55,0
DA:59,0
DA:62,0
DA:72,0
DA:73,0
DA:74,0
DA:75,0
DA:78,0
DA:79,0
DA:88,0
DA:89,0
DA:91,0
DA:94,0
LF:22
LH:0
BRDA:25,0,0,0
BRDA:73,1,0,0
BRDA:81,2,0,0
BRDA:81,2,1,0
BRDA:89,3,0,0
BRDA:89,3,1,0
BRF:6
BRH:0
end_of_record
TN:
SF:src\middleware\auth.ts
FN:16,(anonymous_1)
FN:79,(anonymous_2)
FN:115,(anonymous_3)
FN:116,(anonymous_4)
FN:142,(anonymous_5)
FN:143,(anonymous_6)
FN:201,isCriticalEndpoint
FN:202,(anonymous_8)
FN:208,checkInMemoryRateLimit
FN:249,(anonymous_10)
FN:250,(anonymous_11)
FN:337,(anonymous_12)
FN:357,(anonymous_13)
FN:358,(anonymous_14)
FN:365,(anonymous_15)
FN:368,(anonymous_16)
FN:377,(anonymous_17)
FN:378,(anonymous_18)
FN:385,(anonymous_19)
FN:386,(anonymous_20)
FNF:20
FNH:5
FNDA:11,(anonymous_1)
FNDA:5,(anonymous_2)
FNDA:4,(anonymous_3)
FNDA:4,(anonymous_4)
FNDA:0,(anonymous_5)
FNDA:0,(anonymous_6)
FNDA:0,isCriticalEndpoint
FNDA:0,(anonymous_8)
FNDA:0,checkInMemoryRateLimit
FNDA:0,(anonymous_10)
FNDA:0,(anonymous_11)
FNDA:0,(anonymous_12)
FNDA:2,(anonymous_13)
FNDA:0,(anonymous_14)
FNDA:0,(anonymous_15)
FNDA:0,(anonymous_16)
FNDA:0,(anonymous_17)
FNDA:0,(anonymous_18)
FNDA:0,(anonymous_19)
FNDA:0,(anonymous_20)
DA:2,3
DA:3,3
DA:4,3
DA:6,3
DA:7,3
DA:16,3
DA:21,11
DA:22,11
DA:23,11
DA:25,11
DA:26,2
DA:30,2
DA:31,2
DA:34,9
DA:35,9
DA:36,2
DA:40,2
DA:41,2
DA:45,7
DA:46,7
DA:48,6
DA:49,3
DA:53,3
DA:54,3
DA:58,3
DA:60,3
DA:62,3
DA:64,1
DA:68,1
DA:72,1
DA:79,3
DA:84,5
DA:85,5
DA:86,5
DA:88,5
DA:89,4
DA:90,4
DA:91,3
DA:92,3
DA:94,2
DA:95,1
DA:96,1
DA:101,4
DA:103,1
DA:108,1
DA:115,3
DA:116,4
DA:117,4
DA:119,4
DA:120,1
DA:124,1
DA:127,3
DA:128,2
DA:132,2
DA:135,1
DA:142,3
DA:143,0
DA:144,0
DA:146,0
DA:147,0
DA:151,0
DA:154,0
DA:155,0
DA:159,0
DA:162,0
DA:175,3
DA:180,3
DA:183,3
DA:202,0
DA:213,0
DA:214,0
DA:216,0
DA:218,0
DA:223,0
DA:224,0
DA:225,0
DA:230,0
DA:231,0
DA:234,0
DA:238,0
DA:241,0
DA:242,0
DA:245,0
DA:246,0
DA:249,3
DA:250,0
DA:251,0
DA:252,0
DA:254,0
DA:256,0
DA:257,0
DA:258,0
DA:261,0
DA:262,0
DA:263,0
DA:265,0
DA:266,0
DA:270,0
DA:271,0
DA:274,0
DA:275,0
DA:279,0
DA:281,0
DA:285,0
DA:290,0
DA:291,0
DA:295,0
DA:297,0
DA:298,0
DA:302,0
DA:303,0
DA:306,0
DA:308,0
DA:314,0
DA:316,0
DA:321,0
DA:322,0
DA:326,0
DA:329,0
DA:337,3
DA:338,0
DA:339,0
DA:340,0
DA:341,0
DA:347,3
DA:357,3
DA:358,2
DA:359,0
DA:362,0
DA:365,0
DA:366,0
DA:368,0
DA:369,0
DA:372,0
DA:376,0
DA:377,0
DA:378,0
DA:379,0
DA:381,0
DA:384,0
DA:385,0
DA:386,0
DA:387,0
DA:389,0
DA:392,0
LF:145
LH:64
BRDA:25,0,0,2
BRDA:35,1,0,2
BRDA:48,2,0,3
BRDA:48,3,0,6
BRDA:48,3,1,5
BRDA:65,4,0,1
BRDA:65,4,1,0
BRDA:66,5,0,1
BRDA:66,5,1,0
BRDA:88,6,0,4
BRDA:90,7,0,3
BRDA:94,8,0,1
BRDA:94,9,0,2
BRDA:94,9,1,2
BRDA:104,10,0,1
BRDA:104,10,1,0
BRDA:105,11,0,1
BRDA:105,11,1,0
BRDA:119,12,0,1
BRDA:127,13,0,2
BRDA:146,14,0,0
BRDA:154,15,0,0
BRDA:216,16,0,0
BRDA:216,17,0,0
BRDA:216,17,1,0
BRDA:218,18,0,0
BRDA:219,19,0,0
BRDA:219,19,1,0
BRDA:224,20,0,0
BRDA:230,21,0,0
BRDA:241,22,0,0
BRDA:249,23,0,0
BRDA:249,24,0,0
BRDA:251,25,0,0
BRDA:251,25,1,0
BRDA:251,25,2,0
BRDA:256,26,0,0
BRDA:265,27,0,0
BRDA:279,28,0,0
BRDA:297,29,0,0
BRDA:309,30,0,0
BRDA:309,30,1,0
BRDA:310,31,0,0
BRDA:310,31,1,0
BRDA:314,32,0,0
BRDA:340,33,0,0
BRDA:357,34,0,0
BRDA:357,35,0,0
BRF:48
BRH:16
end_of_record
TN:
SF:src\middleware\checkinRateLimit.ts
FN:17,(anonymous_1)
FNF:1
FNH:0
FNDA:0,(anonymous_1)
DA:12,0
DA:13,0
DA:15,0
DA:17,0
DA:22,0
DA:23,0
DA:25,0
DA:27,0
DA:28,0
DA:31,0
DA:32,0
DA:38,0
DA:40,0
DA:41,0
DA:45,0
DA:48,0
DA:50,0
DA:55,0
LF:18
LH:0
BRDA:25,0,0,0
BRDA:38,1,0,0
BRDA:38,1,1,0
BRDA:40,2,0,0
BRDA:51,3,0,0
BRDA:51,3,1,0
BRDA:52,4,0,0
BRDA:52,4,1,0
BRF:8
BRH:0
end_of_record
TN:
SF:src\middleware\perUserRateLimit.ts
FN:59,(anonymous_1)
FN:62,(anonymous_2)
FN:69,(anonymous_3)
FN:88,(anonymous_4)
FN:103,(anonymous_5)
FN:168,(anonymous_6)
FN:192,(anonymous_7)
FN:200,(anonymous_8)
FN:214,createPerUserRateLimit
FN:215,(anonymous_10)
FN:272,resetUserRateLimit
FN:279,getRateLimitStats
FNF:12
FNH:0
FNDA:0,(anonymous_1)
FNDA:0,(anonymous_2)
FNDA:0,(anonymous_3)
FNDA:0,(anonymous_4)
FNDA:0,(anonymous_5)
FNDA:0,(anonymous_6)
FNDA:0,(anonymous_7)
FNDA:0,(anonymous_8)
FNDA:0,createPerUserRateLimit
FNDA:0,(anonymous_10)
FNDA:0,resetUserRateLimit
FNDA:0,getRateLimitStats
DA:3,0
DA:4,0
DA:56,0
DA:61,0
DA:63,0
DA:70,0
DA:71,0
DA:73,0
DA:74,0
DA:75,0
DA:79,0
DA:80,0
DA:83,0
DA:84,0
DA:90,0
DA:91,0
DA:92,0
DA:96,0
DA:97,0
DA:107,0
DA:108,0
DA:109,0
DA:112,0
DA:113,0
DA:114,0
DA:115,0
DA:117,0
DA:118,0
DA:119,0
DA:120,0
DA:122,0
DA:124,0
DA:127,0
DA:129,0
DA:135,0
DA:144,0
DA:147,0
DA:148,0
DA:152,0
DA:156,0
DA:158,0
DA:169,0
DA:170,0
DA:172,0
DA:173,0
DA:175,0
DA:176,0
DA:177,0
DA:178,0
DA:181,0
DA:189,0
DA:193,0
DA:194,0
DA:201,0
DA:202,0
DA:204,0
DA:209,0
DA:214,0
DA:215,0
DA:216,0
DA:219,0
DA:220,0
DA:221,0
DA:223,0
DA:224,0
DA:229,0
DA:230,0
DA:233,0
DA:240,0
DA:272,0
DA:273,0
DA:279,0
DA:280,0
DA:284,0
LF:74
LH:0
BRDA:74,0,0,0
BRDA:83,1,0,0
BRDA:91,2,0,0
BRDA:96,3,0,0
BRDA:96,3,1,0
BRDA:96,3,2,0
BRDA:112,4,0,0
BRDA:122,5,0,0
BRDA:127,6,0,0
BRDA:127,6,1,0
BRDA:136,7,0,0
BRDA:136,7,1,0
BRDA:147,8,0,0
BRDA:147,9,0,0
BRDA:147,9,1,0
BRDA:172,10,0,0
BRDA:177,11,0,0
BRDA:182,12,0,0
BRDA:182,12,1,0
BRDA:196,13,0,0
BRDA:196,13,1,0
BRDA:201,14,0,0
BRDA:223,15,0,0
BRDA:226,16,0,0
BRDA:226,16,1,0
BRF:25
BRH:0
end_of_record
TN:
SF:src\middleware\upload.ts
FN:9,(anonymous_1)
FN:12,(anonymous_2)
FN:23,(anonymous_3)
FNF:3
FNH:0
FNDA:0,(anonymous_1)
FNDA:0,(anonymous_2)
FNDA:0,(anonymous_3)
DA:1,1
DA:2,1
DA:3,1
DA:6,1
DA:8,1
DA:10,0
DA:13,0
DA:14,0
DA:15,0
DA:16,0
DA:17,0
DA:19,0
DA:23,1
DA:24,0
DA:25,0
DA:26,0
DA:28,0
DA:32,1
LF:18
LH:7
BRDA:15,0,0,0
BRDA:25,1,0,0
BRDA:25,1,1,0
BRF:3
BRH:0
end_of_record
TN:
SF:src\middleware\validate.ts
FN:22,buildErrorResponse
FN:36,(anonymous_2)
FN:37,(anonymous_3)
FN:47,(anonymous_4)
FNF:4
FNH:4
FNDA:22,buildErrorResponse
FNDA:46,(anonymous_2)
FNDA:35,(anonymous_3)
FNDA:28,(anonymous_4)
DA:2,3
DA:3,3
DA:22,3
DA:23,22
DA:27,22
DA:28,21
DA:30,22
DA:36,3
DA:37,46
DA:38,35
DA:39,35
DA:44,13
DA:46,22
DA:47,28
DA:52,21
DA:55,21
DA:58,1
DA:62,1
LF:18
LH:18
BRDA:27,0,0,21
BRDA:46,1,0,21
BRDA:59,2,0,1
BRDA:59,2,1,0
BRDA:60,3,0,1
BRDA:60,3,1,0
BRF:6
BRH:4
end_of_record
TN:
SF:src\routes\badgeRoutes.ts
FNF:0
FNH:0
DA:1,0
DA:2,0
DA:3,0
DA:5,0
DA:6,0
DA:9,0
DA:10,0
DA:13,0
DA:14,0
DA:15,0
DA:18,0
DA:19,0
DA:20,0
DA:28,0
DA:29,0
DA:31,0
LF:16
LH:0
BRF:0
BRH:0
end_of_record
TN:
SF:src\routes\bandRoutes.ts
FNF:0
FNH:0
DA:1,0
DA:2,0
DA:3,0
DA:4,0
DA:5,0
DA:6,0
DA:8,0
DA:9,0
DA:10,0
DA:13,0
DA:14,0
DA:18,0
DA:41,0
DA:64,0
DA:71,0
DA:72,0
DA:73,0
DA:74,0
DA:75,0
DA:76,0
DA:85,0
DA:92,0
DA:93,0
DA:100,0
DA:109,0
DA:116,0
LF:26
LH:0
BRF:0
BRH:0
end_of_record
TN:
SF:src\routes\blockRoutes.ts
FNF:0
FNH:0
DA:1,0
DA:2,0
DA:3,0
DA:5,0
DA:6,0
DA:9,0
DA:10,0
DA:15,0
DA:18,0
DA:21,0
DA:24,0
DA:26,0
LF:12
LH:0
BRF:0
BRH:0
end_of_record
TN:
SF:src\routes\checkinRoutes.ts
FN:27,(anonymous_0)
FN:48,(anonymous_1)
FNF:2
FNH:0
FNDA:0,(anonymous_0)
FNDA:0,(anonymous_1)
DA:1,0
DA:2,0
DA:3,0
DA:4,0
DA:5,0
DA:6,0
DA:8,0
DA:9,0
DA:13,0
DA:27,0
DA:32,0
DA:48,0
DA:53,0
DA:69,0
DA:81,0
DA:87,0
DA:99,0
DA:107,0
DA:110,0
DA:113,0
DA:116,0
DA:119,0
DA:127,0
DA:130,0
DA:137,0
DA:144,0
DA:147,0
DA:150,0
DA:153,0
DA:156,0
DA:159,0
DA:162,0
DA:165,0
DA:171,0
LF:34
LH:0
BRDA:27,0,0,0
BRDA:27,0,1,0
BRDA:27,0,2,0
BRDA:48,1,0,0
BRDA:48,1,1,0
BRF:5
BRH:0
end_of_record
TN:
SF:src\routes\claimRoutes.ts
FNF:0
FNH:0
DA:18,0
DA:19,0
DA:20,0
DA:21,0
DA:22,0
DA:24,0
DA:28,0
DA:44,0
DA:50,0
DA:59,0
DA:76,0
DA:79,0
DA:86,0
DA:89,0
DA:97,0
DA:108,0
DA:110,0
DA:111,0
DA:112,0
DA:124,0
LF:20
LH:0
BRF:0
BRH:0
end_of_record
TN:
SF:src\routes\consentRoutes.ts
FNF:0
FNH:0
DA:1,0
DA:2,0
DA:3,0
DA:5,0
DA:6,0
DA:9,0
DA:12,0
DA:16,0
DA:21,0
DA:25,0
DA:27,0
LF:11
LH:0
BRF:0
BRH:0
end_of_record
TN:
SF:src\routes\dataExportRoutes.ts
FN:19,(anonymous_0)
FNF:1
FNH:0
FNDA:0,(anonymous_0)
DA:1,0
DA:2,0
DA:3,0
DA:4,0
DA:7,0
DA:8,0
DA:9,0
DA:12,0
DA:19,0
DA:20,0
DA:21,0
DA:22,0
DA:23,0
DA:24,0
DA:27,0
DA:30,0
DA:33,0
DA:34,0
DA:35,0
DA:37,0
DA:40,0
DA:41,0
DA:45,0
DA:49,0
LF:24
LH:0
BRDA:22,0,0,0
BRDA:43,1,0,0
BRDA:43,1,1,0
BRDA:45,2,0,0
BRDA:45,2,1,0
BRF:5
BRH:0
end_of_record
TN:
SF:src\routes\discoveryRoutes.ts
FNF:0
FNH:0
DA:1,0
DA:2,0
DA:3,0
DA:4,0
DA:5,0
DA:7,0
DA:8,0
DA:9,0
DA:15,0
DA:23,0
DA:31,0
DA:39,0
DA:47,0
DA:54,0
LF:14
LH:0
BRF:0
BRH:0
end_of_record
TN:
SF:src\routes\eventRoutes.ts
FNF:0
FNH:0
DA:1,0
DA:2,0
DA:3,0
DA:4,0
DA:6,0
DA:7,0
DA:10,0
DA:13,0
DA:16,0
DA:19,0
DA:22,0
DA:25,0
DA:29,0
DA:33,0
DA:37,0
DA:45,0
DA:49,0
DA:56,0
LF:18
LH:0
BRF:0
BRH:0
end_of_record
TN:
SF:src\routes\feedRoutes.ts
FNF:0
FNH:0
DA:1,0
DA:2,0
DA:3,0
DA:4,0
DA:6,0
DA:7,0
DA:10,0
DA:13,0
DA:16,0
DA:17,0
DA:18,0
DA:19,0
DA:20,0
DA:21,0
DA:25,0
DA:27,0
LF:16
LH:0
BRF:0
BRH:0
end_of_record
TN:
SF:src\routes\followRoutes.ts
FNF:0
FNH:0
DA:1,0
DA:2,0
DA:3,0
DA:5,0
DA:6,0
DA:9,0
DA:12,0
DA:16,0
DA:20,0
DA:24,0
DA:26,0
LF:11
LH:0
BRF:0
BRH:0
end_of_record
TN:
SF:src\routes\moderationRoutes.ts
FNF:0
FNH:0
DA:10,0
DA:11,0
DA:12,0
DA:13,0
DA:14,0
DA:16,0
DA:17,0
DA:20,0
DA:34,0
DA:35,0
DA:38,0
DA:41,0
DA:43,0
LF:13
LH:0
BRF:0
BRH:0
end_of_record
TN:
SF:src\routes\notificationRoutes.ts
FNF:0
FNH:0
DA:1,0
DA:2,0
DA:3,0
DA:4,0
DA:6,0
DA:7,0
DA:10,0
DA:13,0
DA:16,0
DA:19,0
DA:22,0
DA:25,0
DA:28,0
DA:30,0
LF:14
LH:0
BRF:0
BRH:0
end_of_record
TN:
SF:src\routes\onboardingRoutes.ts
FNF:0
FNH:0
DA:1,0
DA:2,0
DA:3,0
DA:4,0
DA:5,0
DA:7,0
DA:8,0
DA:11,0
DA:21,0
DA:22,0
DA:25,0
DA:29,0
DA:38,0
DA:42,0
DA:46,0
DA:48,0
LF:16
LH:0
BRF:0
BRH:0
end_of_record
TN:
SF:src\routes\passwordResetRoutes.ts
FNF:0
FNH:0
DA:1,0
DA:2,0
DA:3,0
DA:4,0
DA:5,0
DA:7,0
DA:10,0
DA:17,0
DA:23,0
DA:41,0
DA:53,0
DA:60,0
LF:12
LH:0
BRF:0
BRH:0
end_of_record
TN:
SF:src\routes\reportRoutes.ts
FNF:0
FNH:0
DA:9,0
DA:10,0
DA:11,0
DA:12,0
DA:13,0
DA:15,0
DA:16,0
DA:19,0
DA:35,0
DA:38,0
DA:40,0
LF:11
LH:0
BRF:0
BRH:0
end_of_record
TN:
SF:src\routes\rsvpRoutes.ts
FNF:0
FNH:0
DA:1,0
DA:2,0
DA:3,0
DA:4,0
DA:5,0
DA:7,0
DA:8,0
DA:11,0
DA:18,0
DA:19,0
DA:22,0
DA:26,0
DA:30,0
DA:34,0
DA:41,0
LF:15
LH:0
BRF:0
BRH:0
end_of_record
TN:
SF:src\routes\searchRoutes.ts
FNF:0
FNH:0
DA:1,0
DA:2,0
DA:3,0
DA:4,0
DA:5,0
DA:7,0
DA:8,0
DA:9,0
DA:10,0
DA:13,0
DA:17,0
DA:21,0
DA:25,0
DA:27,0
LF:14
LH:0
BRF:0
BRH:0
end_of_record
TN:
SF:src\routes\shareRoutes.ts
FNF:0
FNH:0
DA:15,0
DA:16,0
DA:17,0
DA:18,0
DA:20,0
DA:26,0
DA:30,0
DA:38,0
DA:49,0
DA:52,0
DA:55,0
DA:61,0
LF:12
LH:0
BRF:0
BRH:0
end_of_record
TN:
SF:src\routes\socialAuthRoutes.ts
FN:44,(anonymous_0)
FN:153,(anonymous_1)
FNF:2
FNH:0
FNDA:0,(anonymous_0)
FNDA:0,(anonymous_1)
DA:1,0
DA:2,0
DA:3,0
DA:4,0
DA:6,0
DA:7,0
DA:9,0
DA:10,0
DA:11,0
DA:14,0
DA:18,0
DA:41,0
DA:45,0
DA:47,0
DA:48,0
DA:49,0
DA:53,0
DA:54,0
DA:57,0
DA:60,0
DA:61,0
DA:62,0
DA:66,0
DA:67,0
DA:71,0
DA:73,0
DA:79,0
DA:82,0
DA:83,0
DA:86,0
DA:96,0
DA:98,0
DA:101,0
DA:102,0
DA:106,0
DA:107,0
DA:110,0
DA:111,0
DA:115,0
DA:116,0
DA:121,0
DA:127,0
DA:131,0
DA:150,0
DA:154,0
DA:156,0
DA:157,0
DA:158,0
DA:162,0
DA:163,0
DA:166,0
DA:169,0
DA:170,0
DA:171,0
DA:175,0
DA:176,0
DA:180,0
DA:182,0
DA:188,0
DA:191,0
DA:192,0
DA:195,0
DA:205,0
DA:207,0
DA:210,0
DA:211,0
DA:215,0
DA:216,0
DA:219,0
DA:220,0
DA:224,0
DA:225,0
DA:230,0
DA:236,0
DA:240,0
DA:245,0
LF:76
LH:0
BRDA:48,0,0,0
BRDA:51,1,0,0
BRDA:51,1,1,0
BRDA:61,2,0,0
BRDA:82,3,0,0
BRDA:96,4,0,0
BRDA:96,4,1,0
BRDA:101,5,0,0
BRDA:110,6,0,0
BRDA:121,7,0,0
BRDA:121,7,1,0
BRDA:121,8,0,0
BRDA:121,8,1,0
BRDA:121,8,2,0
BRDA:121,8,3,0
BRDA:129,9,0,0
BRDA:129,9,1,0
BRDA:157,10,0,0
BRDA:160,11,0,0
BRDA:160,11,1,0
BRDA:170,12,0,0
BRDA:191,13,0,0
BRDA:205,14,0,0
BRDA:205,14,1,0
BRDA:210,15,0,0
BRDA:219,16,0,0
BRDA:230,17,0,0
BRDA:230,17,1,0
BRDA:230,18,0,0
BRDA:230,18,1,0
BRDA:230,18,2,0
BRDA:230,18,3,0
BRDA:238,19,0,0
BRDA:238,19,1,0
BRF:34
BRH:0
end_of_record
TN:
SF:src\routes\subscriptionRoutes.ts
FNF:0
FNH:0
DA:1,0
DA:2,0
DA:3,0
DA:4,0
DA:6,0
DA:7,0
DA:11,0
DA:22,0
DA:24,0
LF:9
LH:0
BRF:0
BRH:0
end_of_record
TN:
SF:src\routes\tokenRoutes.ts
FN:36,(anonymous_1)
FN:136,(anonymous_2)
FNF:2
FNH:2
FNDA:10,(anonymous_1)
FNDA:5,(anonymous_2)
DA:1,1
DA:2,1
DA:8,1
DA:9,1
DA:10,1
DA:12,1
DA:13,1
DA:15,1
DA:16,1
DA:17,1
DA:21,1
DA:36,1
DA:37,10
DA:38,10
DA:40,10
DA:41,1
DA:45,1
DA:48,9
DA:49,1
DA:53,1
DA:56,8
DA:58,1
DA:59,1
DA:63,1
DA:67,0
DA:68,0
DA:69,0
DA:73,0
DA:78,0
DA:79,0
DA:81,0
DA:82,0
DA:85,0
DA:88,0
DA:93,0
DA:95,0
DA:97,0
DA:105,0
DA:107,0
DA:108,0
DA:110,0
DA:114,7
DA:115,7
DA:119,7
DA:123,7
DA:136,1
DA:137,5
DA:138,5
DA:141,5
DA:143,3
DA:144,2
DA:146,2
DA:150,4
DA:151,0
DA:154,4
DA:159,4
DA:162,1
DA:163,1
DA:167,1
DA:171,1
DA:175,1
LF:61
LH:43
BRDA:40,0,0,1
BRDA:48,1,0,1
BRDA:58,2,0,1
BRDA:58,3,0,1
BRDA:58,3,1,0
BRDA:68,4,0,0
BRDA:68,5,0,0
BRDA:68,5,1,0
BRDA:114,6,0,7
BRDA:114,6,1,0
BRDA:141,7,0,3
BRDA:141,8,0,5
BRDA:141,8,1,4
BRDA:150,9,0,0
BRDA:162,10,0,1
BRDA:162,10,1,0
BRF:16
BRH:9
end_of_record
TN:
SF:src\routes\trendingRoutes.ts
FNF:0
FNH:0
DA:1,0
DA:2,0
DA:3,0
DA:5,0
DA:6,0
DA:7,0
DA:10,0
DA:12,0
LF:8
LH:0
BRF:0
BRH:0
end_of_record
TN:
SF:src\routes\uploadsRoutes.ts
FN:18,(anonymous_1)
FNF:1
FNH:1
FNDA:2,(anonymous_1)
DA:1,1
DA:2,1
DA:3,1
DA:4,1
DA:7,1
DA:18,1
DA:19,2
DA:23,2
DA:26,2
DA:29,2
DA:30,2
DA:32,2
DA:33,0
DA:37,0
DA:41,2
DA:42,1
DA:46,1
DA:50,1
DA:53,1
LF:19
LH:17
BRDA:32,0,0,0
BRDA:41,1,0,1
BRF:2
BRH:1
end_of_record
TN:
SF:src\routes\userRoutes.ts
FN:21,(anonymous_1)
FN:65,(anonymous_2)
FN:66,(anonymous_3)
FN:81,(anonymous_4)
FN:110,(anonymous_5)
FN:132,(anonymous_6)
FN:151,(anonymous_7)
FN:183,(anonymous_8)
FNF:8
FNH:0
FNDA:0,(anonymous_1)
FNDA:0,(anonymous_2)
FNDA:0,(anonymous_3)
FNDA:0,(anonymous_4)
FNDA:0,(anonymous_5)
FNDA:0,(anonymous_6)
FNDA:0,(anonymous_7)
FNDA:0,(anonymous_8)
DA:1,1
DA:2,1
DA:3,1
DA:4,1
DA:5,1
DA:6,1
DA:7,1
DA:8,1
DA:9,1
DA:16,1
DA:17,1
DA:18,1
DA:21,1
DA:27,0
DA:28,0
DA:29,0
DA:30,0
DA:32,0
DA:33,0
DA:35,0
DA:36,0
DA:37,0
DA:39,0
DA:42,1
DA:43,1
DA:44,1
DA:45,1
DA:46,1
DA:49,1
DA:50,1
DA:53,1
DA:56,1
DA:57,1
DA:60,1
DA:61,1
DA:62,1
DA:66,0
DA:67,0
DA:68,0
DA:70,0
DA:75,1
DA:78,1
DA:82,0
DA:83,0
DA:84,0
DA:85,0
DA:86,0
DA:88,0
DA:91,0
DA:93,0
DA:95,0
DA:99,0
DA:100,0
DA:102,0
DA:107,1
DA:111,0
DA:112,0
DA:113,0
DA:114,0
DA:115,0
DA:117,0
DA:118,0
DA:120,0
DA:121,0
DA:122,0
DA:124,0
DA:129,1
DA:133,0
DA:134,0
DA:135,0
DA:136,0
DA:137,0
DA:139,0
DA:140,0
DA:142,0
DA:148,1
DA:152,0
DA:153,0
DA:154,0
DA:155,0
DA:156,0
DA:158,0
DA:160,0
DA:161,0
DA:164,0
DA:167,0
DA:168,0
DA:169,0
DA:172,0
DA:173,0
DA:175,0
DA:180,1
DA:184,0
DA:185,0
DA:186,0
DA:187,0
DA:188,0
DA:190,0
DA:192,0
DA:193,0
DA:196,0
DA:199,0
DA:200,0
DA:202,0
DA:209,1
DA:216,1
DA:227,1
DA:230,1
DA:233,1
DA:236,1
DA:239,1
DA:241,1
LF:112
LH:40
BRDA:27,0,0,0
BRDA:28,1,0,0
BRDA:35,2,0,0
BRDA:67,3,0,0
BRDA:84,4,0,0
BRDA:95,5,0,0
BRDA:96,6,0,0
BRDA:96,6,1,0
BRDA:96,6,2,0
BRDA:113,7,0,0
BRDA:120,8,0,0
BRDA:120,9,0,0
BRDA:120,9,1,0
BRDA:135,10,0,0
BRDA:154,11,0,0
BRDA:160,12,0,0
BRDA:160,13,0,0
BRDA:160,13,1,0
BRDA:160,13,2,0
BRDA:167,14,0,0
BRDA:167,15,0,0
BRDA:167,15,1,0
BRDA:186,16,0,0
BRDA:192,17,0,0
BRDA:192,18,0,0
BRDA:192,18,1,0
BRDA:192,18,2,0
BRF:27
BRH:0
end_of_record
TN:
SF:src\routes\venueRoutes.ts
FNF:0
FNH:0
DA:1,0
DA:2,0
DA:3,0
DA:4,0
DA:5,0
DA:6,0
DA:8,0
DA:9,0
DA:10,0
DA:13,0
DA:14,0
DA:18,0
DA:29,0
DA:60,0
DA:83,0
DA:90,0
DA:91,0
DA:92,0
DA:93,0
DA:102,0
DA:109,0
DA:110,0
DA:117,0
DA:126,0
DA:133,0
LF:25
LH:0
BRF:0
BRH:0
end_of_record
TN:
SF:src\routes\wishlistRoutes.ts
FNF:0
FNH:0
DA:1,0
DA:2,0
DA:3,0
DA:5,0
DA:6,0
DA:9,0
DA:12,0
DA:16,0
DA:20,0
DA:25,0
DA:29,0
DA:33,0
DA:38,0
DA:40,0
LF:14
LH:0
BRF:0
BRH:0
end_of_record
TN:
SF:src\routes\wrappedRoutes.ts
FNF:0
FNH:0
DA:1,0
DA:2,0
DA:3,0
DA:4,0
DA:6,0
DA:9,0
DA:12,0
DA:15,0
DA:24,0
DA:32,0
DA:41,0
DA:44,0
DA:46,0
LF:13
LH:0
BRF:0
BRH:0
end_of_record
TN:
SF:src\scripts\migrate-events-model.ts
FN:9,migrateToEventsModel
FNF:1
FNH:0
FNDA:0,migrateToEventsModel
DA:1,0
DA:2,0
DA:5,0
DA:7,0
DA:10,0
DA:12,0
DA:14,0
DA:15,0
DA:16,0
DA:18,0
DA:21,0
DA:22,0
DA:28,0
DA:31,0
DA:32,0
DA:37,0
DA:40,0
DA:41,0
DA:57,0
DA:60,0
DA:63,0
DA:67,0
DA:70,0
DA:71,0
DA:87,0
DA:90,0
DA:93,0
DA:97,0
DA:100,0
DA:101,0
DA:111,0
DA:115,0
DA:118,0
DA:119,0
DA:129,0
DA:132,0
DA:136,0
DA:139,0
DA:141,0
DA:142,0
DA:149,0
DA:150,0
DA:157,0
DA:160,0
DA:161,0
DA:167,0
DA:173,0
DA:175,0
DA:176,0
DA:177,0
DA:178,0
DA:179,0
DA:180,0
DA:181,0
DA:182,0
DA:183,0
DA:185,0
DA:187,0
DA:188,0
DA:193,0
LF:60
LH:0
BRDA:15,0,0,0
BRF:1
BRH:0
end_of_record
TN:
SF:src\scripts\migrate.ts
FN:12,runMigration
FN:61,(anonymous_10)
FNF:2
FNH:0
FNDA:0,runMigration
FNDA:0,(anonymous_10)
DA:1,0
DA:2,0
DA:3,0
DA:4,0
DA:7,0
DA:8,0
DA:9,0
DA:13,0
DA:18,0
DA:19,0
DA:20,0
DA:25,0
DA:26,0
DA:35,0
DA:37,0
DA:38,0
DA:39,0
DA:42,0
DA:43,0
DA:44,0
DA:45,0
DA:48,0
DA:49,0
DA:50,0
DA:53,0
DA:60,0
DA:61,0
DA:62,0
DA:65,0
DA:67,0
DA:68,0
DA:69,0
DA:71,0
DA:72,0
DA:74,0
DA:76,0
DA:80,0
LF:37
LH:0
BRDA:7,0,0,0
BRDA:18,1,0,0
BRDA:18,1,1,0
BRDA:22,2,0,0
BRDA:22,2,1,0
BRDA:27,3,0,0
BRDA:27,3,1,0
BRDA:28,4,0,0
BRDA:28,4,1,0
BRDA:29,5,0,0
BRDA:29,5,1,0
BRDA:30,6,0,0
BRDA:30,6,1,0
BRDA:31,7,0,0
BRDA:31,7,1,0
BRDA:68,8,0,0
BRDA:71,9,0,0
BRF:17
BRH:0
end_of_record
TN:
SF:src\scripts\retentionJob.ts
FN:20,runRetentionJob
FN:37,(anonymous_11)
FN:85,(anonymous_12)
FN:86,(anonymous_13)
FNF:4
FNH:2
FNDA:10,runRetentionJob
FNDA:1,(anonymous_11)
FNDA:0,(anonymous_12)
FNDA:0,(anonymous_13)
DA:1,11
DA:2,11
DA:3,11
DA:4,11
DA:7,11
DA:8,11
DA:21,10
DA:23,10
DA:25,10
DA:26,10
DA:29,10
DA:30,10
DA:31,9
DA:36,9
DA:37,1
DA:38,1
DA:46,9
DA:47,9
DA:52,9
DA:55,9
DA:56,9
DA:61,9
DA:64,9
DA:65,9
DA:70,9
DA:72,9
DA:74,1
DA:78,1
DA:83,11
DA:84,0
DA:85,0
DA:87,0
DA:91,0
DA:95,11
LF:34
LH:30
BRDA:7,0,0,11
BRDA:36,1,0,1
BRDA:52,2,0,9
BRDA:52,2,1,7
BRDA:61,3,0,9
BRDA:61,3,1,7
BRDA:70,4,0,9
BRDA:70,4,1,7
BRDA:75,5,0,1
BRDA:75,5,1,0
BRDA:76,6,0,1
BRDA:76,6,1,0
BRDA:83,7,0,0
BRDA:88,8,0,0
BRDA:88,8,1,0
BRDA:89,9,0,0
BRDA:89,9,1,0
BRF:17
BRH:10
end_of_record
TN:
SF:src\scripts\seed-demo.ts
FN:67,seedAccount
FN:266,seedAllDemoAccounts
FNF:2
FNH:0
FNDA:0,seedAccount
FNDA:0,seedAllDemoAccounts
DA:1,0
DA:2,0
DA:3,0
DA:4,0
DA:8,0
DA:10,0
DA:14,0
DA:15,0
DA:25,0
DA:74,0
DA:77,0
DA:93,0
DA:94,0
DA:97,0
DA:98,0
DA:100,0
DA:144,0
DA:145,0
DA:147,0
DA:148,0
DA:149,0
DA:150,0
DA:151,0
DA:152,0
DA:157,0
DA:167,0
DA:168,0
DA:169,0
DA:172,0
DA:173,0
DA:174,0
DA:175,0
DA:186,0
DA:187,0
DA:188,0
DA:189,0
DA:191,0
DA:192,0
DA:194,0
DA:195,0
DA:197,0
DA:205,0
DA:206,0
DA:209,0
DA:212,0
DA:213,0
DA:214,0
DA:223,0
DA:224,0
DA:225,0
DA:231,0
DA:234,0
DA:240,0
DA:241,0
DA:242,0
DA:244,0
DA:245,0
DA:250,0
DA:251,0
DA:252,0
DA:258,0
DA:261,0
DA:263,0
DA:267,0
DA:269,0
DA:271,0
DA:272,0
DA:273,0
DA:275,0
DA:283,0
DA:284,0
DA:285,0
DA:288,0
DA:291,0
DA:292,0
DA:293,0
DA:295,0
DA:296,0
DA:298,0
DA:299,0
DA:300,0
DA:301,0
DA:304,0
DA:307,0
DA:309,0
DA:310,0
DA:311,0
DA:315,0
DA:316,0
DA:318,0
DA:320,0
DA:321,0
DA:322,0
DA:323,0
DA:324,0
DA:328,0
DA:329,0
DA:335,0
DA:340,0
DA:341,0
DA:345,0
DA:346,0
DA:352,0
DA:356,0
DA:359,0
DA:360,0
DA:361,0
DA:362,0
DA:363,0
DA:364,0
DA:365,0
DA:367,0
DA:368,0
DA:369,0
DA:371,0
DA:373,0
DA:374,0
DA:379,0
LF:118
LH:0
BRDA:14,0,0,0
BRDA:14,0,1,0
BRDA:147,1,0,0
BRDA:147,1,1,0
BRDA:147,1,2,0
BRDA:167,2,0,0
BRDA:189,3,0,0
BRDA:189,4,0,0
BRDA:189,4,1,0
BRDA:195,5,0,0
BRDA:195,5,1,0
BRDA:205,6,0,0
BRDA:223,7,0,0
BRDA:250,8,0,0
BRDA:251,9,0,0
BRDA:251,9,1,0
BRDA:272,10,0,0
BRDA:298,11,0,0
BRDA:298,12,0,0
BRDA:298,12,1,0
BRDA:321,13,0,0
BRDA:321,13,1,0
BRDA:323,14,0,0
BRF:23
BRH:0
end_of_record
TN:
SF:src\scripts\seed.ts
FN:451,seedDatabase
FNF:1
FNH:0
FNDA:0,seedDatabase
DA:1,0
DA:2,0
DA:5,0
DA:7,0
DA:10,0
DA:268,0
DA:452,0
DA:454,0
DA:456,0
DA:457,0
DA:458,0
DA:460,0
DA:463,0
DA:464,0
DA:465,0
DA:466,0
DA:473,0
DA:489,0
DA:490,0
DA:491,0
DA:492,0
DA:495,0
DA:498,0
DA:499,0
DA:500,0
DA:501,0
DA:507,0
DA:515,0
DA:516,0
DA:517,0
DA:518,0
DA:521,0
DA:523,0
DA:524,0
DA:525,0
DA:526,0
DA:528,0
DA:530,0
DA:531,0
DA:536,0
LF:40
LH:0
BRDA:457,0,0,0
BRDA:490,1,0,0
BRDA:516,2,0,0
BRF:3
BRH:0
end_of_record
TN:
SF:src\services\AuditService.ts
FN:75,(anonymous_1)
FN:94,(anonymous_2)
FN:126,(anonymous_3)
FN:127,(anonymous_4)
FN:138,(anonymous_5)
FN:139,(anonymous_6)
FN:150,(anonymous_7)
FN:158,(anonymous_8)
FN:169,(anonymous_9)
FN:170,(anonymous_10)
FN:181,(anonymous_11)
FN:182,(anonymous_12)
FN:193,(anonymous_13)
FN:194,(anonymous_14)
FN:205,(anonymous_15)
FN:206,(anonymous_16)
FN:217,(anonymous_17)
FN:225,(anonymous_18)
FN:236,(anonymous_19)
FN:242,(anonymous_20)
FN:253,(anonymous_21)
FN:254,(anonymous_22)
FN:270,(anonymous_23)
FN:331,(anonymous_24)
FN:353,(anonymous_25)
FN:361,(anonymous_26)
FNF:26
FNH:6
FNDA:62,(anonymous_1)
FNDA:15,(anonymous_2)
FNDA:0,(anonymous_3)
FNDA:0,(anonymous_4)
FNDA:0,(anonymous_5)
FNDA:0,(anonymous_6)
FNDA:0,(anonymous_7)
FNDA:0,(anonymous_8)
FNDA:0,(anonymous_9)
FNDA:0,(anonymous_10)
FNDA:6,(anonymous_11)
FNDA:0,(anonymous_12)
FNDA:6,(anonymous_13)
FNDA:0,(anonymous_14)
FNDA:0,(anonymous_15)
FNDA:0,(anonymous_16)
FNDA:0,(anonymous_17)
FNDA:0,(anonymous_18)
FNDA:3,(anonymous_19)
FNDA:0,(anonymous_20)
FNDA:0,(anonymous_21)
FNDA:0,(anonymous_22)
FNDA:0,(anonymous_23)
FNDA:0,(anonymous_24)
FNDA:0,(anonymous_25)
FNDA:15,(anonymous_26)
DA:19,6
DA:21,6
DA:75,6
DA:76,62
DA:102,15
DA:103,15
DA:105,15
DA:110,15
DA:120,15
DA:127,0
DA:128,0
DA:139,0
DA:140,0
DA:151,0
DA:159,0
DA:170,0
DA:171,0
DA:182,6
DA:183,0
DA:194,6
DA:195,0
DA:206,0
DA:207,0
DA:218,0
DA:226,0
DA:242,3
DA:243,0
DA:254,0
DA:255,0
DA:275,0
DA:277,0
DA:278,0
DA:279,0
DA:281,0
DA:282,0
DA:283,0
DA:284,0
DA:287,0
DA:288,0
DA:289,0
DA:290,0
DA:293,0
DA:294,0
DA:295,0
DA:296,0
DA:299,0
DA:300,0
DA:301,0
DA:302,0
DA:305,0
DA:306,0
DA:307,0
DA:308,0
DA:311,0
DA:314,0
DA:315,0
DA:316,0
DA:319,0
DA:320,0
DA:321,0
DA:329,0
DA:331,0
DA:343,0
DA:354,0
DA:355,0
DA:363,15
DA:364,15
DA:365,0
DA:366,0
DA:370,15
DA:371,15
DA:372,0
DA:376,15
LF:73
LH:17
BRDA:98,0,0,0
BRDA:99,1,0,0
BRDA:102,2,0,15
BRDA:102,2,1,0
BRDA:103,3,0,15
BRDA:103,3,1,15
BRDA:129,4,0,0
BRDA:129,4,1,0
BRDA:130,5,0,0
BRDA:130,5,1,0
BRDA:141,6,0,0
BRDA:141,6,1,0
BRDA:142,7,0,0
BRDA:142,7,1,0
BRDA:160,8,0,0
BRDA:160,8,1,0
BRDA:161,9,0,0
BRDA:161,9,1,0
BRDA:172,10,0,0
BRDA:172,10,1,0
BRDA:173,11,0,0
BRDA:173,11,1,0
BRDA:184,12,0,0
BRDA:184,12,1,0
BRDA:185,13,0,0
BRDA:185,13,1,0
BRDA:196,14,0,0
BRDA:196,14,1,0
BRDA:197,15,0,0
BRDA:197,15,1,0
BRDA:208,16,0,0
BRDA:208,16,1,0
BRDA:209,17,0,0
BRDA:209,17,1,0
BRDA:227,18,0,0
BRDA:227,18,1,0
BRDA:228,19,0,0
BRDA:228,19,1,0
BRDA:244,20,0,0
BRDA:244,20,1,0
BRDA:245,21,0,0
BRDA:245,21,1,0
BRDA:256,22,0,0
BRDA:256,22,1,0
BRDA:257,23,0,0
BRDA:257,23,1,0
BRDA:270,24,0,0
BRDA:275,25,0,0
BRDA:275,26,0,0
BRDA:281,27,0,0
BRDA:287,28,0,0
BRDA:293,29,0,0
BRDA:299,30,0,0
BRDA:305,31,0,0
BRDA:311,32,0,0
BRDA:311,32,1,0
BRDA:337,33,0,0
BRDA:337,33,1,0
BRDA:353,34,0,0
BRDA:364,35,0,0
BRDA:365,36,0,0
BRDA:365,36,1,0
BRDA:371,37,0,0
BRDA:372,38,0,0
BRDA:372,38,1,0
BRDA:376,39,0,15
BRDA:376,39,1,0
BRF:67
BRH:4
end_of_record
TN:
SF:src\services\BadgeEvaluators.ts
FN:45,(anonymous_1)
FN:59,(anonymous_2)
FN:81,(anonymous_3)
FN:96,(anonymous_4)
FN:132,(anonymous_5)
FN:154,(anonymous_6)
FNF:6
FNH:0
FNDA:0,(anonymous_1)
FNDA:0,(anonymous_2)
FNDA:0,(anonymous_3)
FNDA:0,(anonymous_4)
FNDA:0,(anonymous_5)
FNDA:0,(anonymous_6)
DA:20,0
DA:39,0
DA:45,0
DA:46,0
DA:47,0
DA:50,0
DA:51,0
DA:52,0
DA:59,0
DA:60,0
DA:61,0
DA:62,0
DA:64,0
DA:73,0
DA:74,0
DA:81,0
DA:82,0
DA:83,0
DA:87,0
DA:88,0
DA:89,0
DA:96,0
DA:97,0
DA:98,0
DA:100,0
DA:112,0
DA:113,0
DA:116,0
DA:117,0
DA:118,0
DA:120,0
DA:132,0
DA:133,0
DA:134,0
DA:136,0
DA:146,0
DA:147,0
DA:154,0
DA:155,0
DA:156,0
DA:159,0
DA:161,0
DA:169,0
DA:170,0
LF:44
LH:0
BRDA:50,0,0,0
BRDA:50,0,1,0
BRDA:51,1,0,0
BRDA:51,1,1,0
BRDA:61,2,0,0
BRDA:61,2,1,0
BRDA:62,3,0,0
BRDA:62,3,1,0
BRDA:73,4,0,0
BRDA:73,4,1,0
BRDA:87,5,0,0
BRDA:87,5,1,0
BRDA:88,6,0,0
BRDA:88,6,1,0
BRDA:98,7,0,0
BRDA:98,7,1,0
BRDA:112,8,0,0
BRDA:124,9,0,0
BRDA:124,9,1,0
BRDA:134,10,0,0
BRDA:134,10,1,0
BRDA:146,11,0,0
BRDA:146,11,1,0
BRDA:156,12,0,0
BRDA:156,12,1,0
BRDA:159,13,0,0
BRDA:159,13,1,0
BRDA:169,14,0,0
BRDA:169,14,1,0
BRF:29
BRH:0
end_of_record
TN:
SF:src\services\BadgeService.ts
FN:24,(anonymous_1)
FN:31,(anonymous_2)
FN:39,(anonymous_3)
FN:45,(anonymous_4)
FN:56,(anonymous_5)
FN:69,(anonymous_6)
FN:83,(anonymous_7)
FN:92,(anonymous_8)
FN:101,(anonymous_9)
FN:104,(anonymous_10)
FN:220,(anonymous_11)
FN:234,(anonymous_12)
FN:265,(anonymous_13)
FN:279,(anonymous_14)
FN:298,(anonymous_15)
FN:400,(anonymous_16)
FN:416,(anonymous_17)
FN:426,(anonymous_18)
FN:508,(anonymous_19)
FNF:19
FNH:0
FNDA:0,(anonymous_1)
FNDA:0,(anonymous_2)
FNDA:0,(anonymous_3)
FNDA:0,(anonymous_4)
FNDA:0,(anonymous_5)
FNDA:0,(anonymous_6)
FNDA:0,(anonymous_7)
FNDA:0,(anonymous_8)
FNDA:0,(anonymous_9)
FNDA:0,(anonymous_10)
FNDA:0,(anonymous_11)
FNDA:0,(anonymous_12)
FNDA:0,(anonymous_13)
FNDA:0,(anonymous_14)
FNDA:0,(anonymous_15)
FNDA:0,(anonymous_16)
FNDA:0,(anonymous_17)
FNDA:0,(anonymous_18)
FNDA:0,(anonymous_19)
DA:16,0
DA:18,0
DA:19,0
DA:20,0
DA:21,0
DA:22,0
DA:24,0
DA:25,0
DA:26,0
DA:32,0
DA:38,0
DA:39,0
DA:46,0
DA:55,0
DA:56,0
DA:70,0
DA:84,0
DA:87,0
DA:92,0
DA:94,0
DA:97,0
DA:101,0
DA:104,0
DA:105,0
DA:108,0
DA:109,0
DA:110,0
DA:111,0
DA:115,0
DA:119,0
DA:120,0
DA:122,0
DA:126,0
DA:127,0
DA:128,0
DA:129,0
DA:135,0
DA:136,0
DA:137,0
DA:138,0
DA:139,0
DA:140,0
DA:147,0
DA:148,0
DA:151,0
DA:152,0
DA:153,0
DA:155,0
DA:156,0
DA:157,0
DA:160,0
DA:164,0
DA:173,0
DA:174,0
DA:176,0
DA:178,0
DA:179,0
DA:187,0
DA:195,0
DA:196,0
DA:203,0
DA:212,0
DA:221,0
DA:227,0
DA:245,0
DA:264,0
DA:265,0
DA:280,0
DA:286,0
DA:288,0
DA:289,0
DA:292,0
DA:312,0
DA:343,0
DA:346,0
DA:361,0
DA:362,0
DA:363,0
DA:377,0
DA:378,0
DA:394,0
DA:401,0
DA:406,0
DA:407,0
DA:424,0
DA:425,0
DA:426,0
DA:429,0
DA:430,0
DA:432,0
DA:433,0
DA:434,0
DA:435,0
DA:436,0
DA:440,0
DA:444,0
DA:445,0
DA:447,0
DA:451,0
DA:453,0
DA:454,0
DA:455,0
DA:456,0
DA:458,0
DA:460,0
DA:461,0
DA:462,0
DA:464,0
DA:472,0
DA:474,0
DA:475,0
DA:477,0
DA:478,0
DA:479,0
DA:481,0
DA:482,0
DA:483,0
DA:484,0
DA:485,0
DA:488,0
DA:493,0
DA:494,0
DA:495,0
DA:502,0
DA:509,0
LF:125
LH:0
BRDA:94,0,0,0
BRDA:105,1,0,0
BRDA:111,2,0,0
BRDA:115,3,0,0
BRDA:115,3,1,0
BRDA:116,4,0,0
BRDA:116,4,1,0
BRDA:119,5,0,0
BRDA:127,6,0,0
BRDA:127,6,1,0
BRDA:129,7,0,0
BRDA:135,8,0,0
BRDA:135,8,1,0
BRDA:136,9,0,0
BRDA:139,10,0,0
BRDA:152,11,0,0
BRDA:152,11,1,0
BRDA:152,11,2,0
BRDA:155,12,0,0
BRDA:165,13,0,0
BRDA:165,13,1,0
BRDA:166,14,0,0
BRDA:166,14,1,0
BRDA:173,15,0,0
BRDA:188,16,0,0
BRDA:188,16,1,0
BRDA:189,17,0,0
BRDA:189,17,1,0
BRDA:204,18,0,0
BRDA:204,18,1,0
BRDA:205,19,0,0
BRDA:205,19,1,0
BRDA:227,20,0,0
BRDA:227,20,1,0
BRDA:288,21,0,0
BRDA:298,22,0,0
BRDA:362,23,0,0
BRDA:377,24,0,0
BRDA:434,25,0,0
BRDA:440,26,0,0
BRDA:440,26,1,0
BRDA:441,27,0,0
BRDA:441,27,1,0
BRDA:444,28,0,0
BRDA:454,29,0,0
BRDA:454,29,1,0
BRDA:456,30,0,0
BRDA:458,31,0,0
BRDA:458,31,1,0
BRDA:465,32,0,0
BRDA:465,32,1,0
BRDA:466,33,0,0
BRDA:466,33,1,0
BRDA:479,34,0,0
BRDA:479,34,1,0
BRDA:479,34,2,0
BRDA:482,35,0,0
BRDA:482,35,1,0
BRDA:482,36,0,0
BRDA:482,36,1,0
BRDA:484,37,0,0
BRDA:497,38,0,0
BRDA:497,38,1,0
BRDA:517,39,0,0
BRDA:517,39,1,0
BRF:65
BRH:0
end_of_record
TN:
SF:src\services\BandMatcher.ts
FN:32,(anonymous_1)
FN:48,(anonymous_2)
FN:130,(anonymous_3)
FNF:3
FNH:0
FNDA:0,(anonymous_1)
FNDA:0,(anonymous_2)
FNDA:0,(anonymous_3)
DA:18,0
DA:32,0
DA:33,0
DA:55,0
DA:56,0
DA:60,0
DA:61,0
DA:66,0
DA:70,0
DA:71,0
DA:73,0
DA:74,0
DA:79,0
DA:83,0
DA:93,0
DA:94,0
DA:96,0
DA:97,0
DA:102,0
DA:110,0
DA:116,0
DA:132,0
DA:133,0
DA:159,0
DA:166,0
DA:173,0
DA:174,0
DA:178,0
DA:196,0
LF:29
LH:0
BRDA:55,0,0,0
BRDA:60,1,0,0
BRDA:70,2,0,0
BRDA:73,3,0,0
BRDA:93,4,0,0
BRDA:96,5,0,0
BRDA:114,6,0,0
BRDA:114,6,1,0
BRDA:114,7,0,0
BRDA:114,7,1,0
BRDA:114,8,0,0
BRDA:114,8,1,0
BRDA:132,9,0,0
BRDA:173,10,0,0
BRF:14
BRH:0
end_of_record
TN:
SF:src\services\BandService.ts
FN:4,(anonymous_1)
FN:10,(anonymous_2)
FN:53,(anonymous_3)
FN:74,(anonymous_4)
FN:160,(anonymous_5)
FN:173,(anonymous_6)
FN:227,(anonymous_7)
FN:247,(anonymous_8)
FN:265,(anonymous_9)
FN:271,(anonymous_10)
FN:283,(anonymous_11)
FN:289,(anonymous_12)
FN:309,(anonymous_13)
FN:315,(anonymous_14)
FN:324,(anonymous_15)
FN:330,(anonymous_16)
FN:354,(anonymous_17)
FN:366,(anonymous_18)
FN:420,(anonymous_19)
FN:431,(anonymous_20)
FN:456,(anonymous_21)
FN:457,(anonymous_22)
FNF:22
FNH:21
FNDA:34,(anonymous_1)
FNDA:3,(anonymous_2)
FNDA:3,(anonymous_3)
FNDA:8,(anonymous_4)
FNDA:1,(anonymous_5)
FNDA:4,(anonymous_6)
FNDA:3,(anonymous_7)
FNDA:2,(anonymous_8)
FNDA:2,(anonymous_9)
FNDA:1,(anonymous_10)
FNDA:1,(anonymous_11)
FNDA:1,(anonymous_12)
FNDA:1,(anonymous_13)
FNDA:2,(anonymous_14)
FNDA:4,(anonymous_15)
FNDA:2,(anonymous_16)
FNDA:2,(anonymous_17)
FNDA:3,(anonymous_18)
FNDA:2,(anonymous_19)
FNDA:10,(anonymous_20)
FNDA:4,(anonymous_21)
FNDA:0,(anonymous_22)
DA:1,1
DA:4,1
DA:5,34
DA:22,3
DA:24,3
DA:33,3
DA:46,3
DA:47,2
DA:54,3
DA:62,3
DA:64,2
DA:65,1
DA:68,1
DA:88,8
DA:90,8
DA:91,8
DA:92,8
DA:93,8
DA:98,8
DA:99,3
DA:102,3
DA:103,3
DA:107,8
DA:108,1
DA:109,1
DA:110,1
DA:114,8
DA:115,1
DA:116,1
DA:117,1
DA:121,8
DA:130,8
DA:131,8
DA:134,8
DA:141,8
DA:151,8
DA:153,8
DA:158,8
DA:159,8
DA:160,8
DA:162,8
DA:174,4
DA:187,4
DA:188,4
DA:189,4
DA:191,4
DA:192,6
DA:193,4
DA:194,4
DA:195,4
DA:196,4
DA:200,4
DA:201,1
DA:204,3
DA:205,3
DA:214,3
DA:216,3
DA:217,1
DA:220,2
DA:228,3
DA:234,3
DA:237,2
DA:248,2
DA:264,2
DA:265,2
DA:272,1
DA:282,1
DA:283,1
DA:290,1
DA:308,1
DA:309,1
DA:316,2
DA:323,2
DA:324,4
DA:331,2
DA:348,2
DA:355,2
DA:359,2
DA:374,3
DA:385,3
DA:392,3
DA:401,3
DA:414,3
DA:415,3
DA:420,2
DA:432,10
DA:457,4
LF:87
LH:87
BRDA:35,0,0,3
BRDA:35,0,1,2
BRDA:36,1,0,3
BRDA:36,1,1,2
BRDA:37,2,0,3
BRDA:37,2,1,2
BRDA:38,3,0,3
BRDA:38,3,1,2
BRDA:39,4,0,3
BRDA:39,4,1,2
BRDA:40,5,0,3
BRDA:40,5,1,2
BRDA:41,6,0,3
BRDA:41,6,1,2
BRDA:42,7,0,3
BRDA:42,7,1,2
BRDA:43,8,0,3
BRDA:43,8,1,2
BRDA:64,9,0,1
BRDA:81,10,0,5
BRDA:84,11,0,6
BRDA:85,12,0,6
BRDA:86,13,0,7
BRDA:87,14,0,7
BRDA:98,15,0,3
BRDA:107,16,0,1
BRDA:114,17,0,1
BRDA:130,18,0,8
BRDA:130,18,1,0
BRDA:131,19,0,1
BRDA:131,19,1,7
BRDA:192,20,0,4
BRDA:192,21,0,6
BRDA:192,21,1,6
BRDA:200,22,0,1
BRDA:216,23,0,1
BRDA:247,24,0,1
BRDA:271,25,0,0
BRDA:289,26,0,0
BRDA:416,27,0,3
BRDA:416,27,1,0
BRDA:417,28,0,3
BRDA:417,28,1,0
BRDA:418,29,0,3
BRDA:418,29,1,0
BRDA:419,30,0,3
BRDA:419,30,1,0
BRDA:444,31,0,10
BRDA:444,31,1,0
BRDA:445,32,0,10
BRDA:445,32,1,0
BRDA:447,33,0,10
BRDA:447,33,1,10
BRF:53
BRH:44
end_of_record
TN:
SF:src\services\BlockService.ts
FN:20,(anonymous_1)
FN:30,(anonymous_2)
FN:84,(anonymous_3)
FN:102,(anonymous_4)
FN:118,(anonymous_5)
FN:146,(anonymous_6)
FN:162,(anonymous_7)
FN:176,(anonymous_8)
FNF:8
FNH:4
FNDA:19,(anonymous_1)
FNDA:0,(anonymous_2)
FNDA:0,(anonymous_3)
FNDA:0,(anonymous_4)
FNDA:0,(anonymous_5)
FNDA:8,(anonymous_6)
FNDA:8,(anonymous_7)
FNDA:8,(anonymous_8)
DA:1,5
DA:3,5
DA:4,5
DA:17,5
DA:21,19
DA:31,0
DA:32,0
DA:33,0
DA:34,0
DA:38,0
DA:39,0
DA:41,0
DA:43,0
DA:52,0
DA:60,0
DA:67,0
DA:70,0
DA:71,0
DA:75,0
DA:85,0
DA:91,0
DA:92,0
DA:93,0
DA:94,0
DA:103,0
DA:111,0
DA:119,0
DA:126,0
DA:147,8
DA:149,8
DA:151,8
DA:163,8
DA:164,8
DA:165,0
DA:166,0
DA:167,0
DA:178,8
DA:179,8
DA:180,0
DA:181,0
DA:182,0
LF:41
LH:12
BRDA:21,0,0,19
BRDA:21,0,1,19
BRDA:31,1,0,0
BRDA:70,2,0,0
BRDA:72,3,0,0
BRDA:72,3,1,0
BRDA:73,4,0,0
BRDA:73,4,1,0
BRDA:91,5,0,0
BRDA:164,6,0,0
BRDA:179,7,0,0
BRF:11
BRH:2
end_of_record
TN:
SF:src\services\CheckinService.ts
FN:38,(anonymous_0)
FN:40,(anonymous_1)
FN:58,(anonymous_2)
FN:66,(anonymous_3)
FN:78,(anonymous_4)
FN:86,(anonymous_5)
FN:98,(anonymous_6)
FN:107,(anonymous_7)
FN:115,(anonymous_8)
FN:127,(anonymous_9)
FN:143,(anonymous_10)
FN:154,(anonymous_11)
FN:162,(anonymous_12)
FN:170,(anonymous_13)
FN:178,(anonymous_14)
FN:186,(anonymous_15)
FN:198,(anonymous_16)
FN:208,(anonymous_17)
FN:222,(anonymous_18)
FN:234,(anonymous_19)
FNF:20
FNH:3
FNDA:9,(anonymous_0)
FNDA:0,(anonymous_1)
FNDA:0,(anonymous_2)
FNDA:8,(anonymous_3)
FNDA:1,(anonymous_4)
FNDA:0,(anonymous_5)
FNDA:0,(anonymous_6)
FNDA:0,(anonymous_7)
FNDA:0,(anonymous_8)
FNDA:0,(anonymous_9)
FNDA:0,(anonymous_10)
FNDA:0,(anonymous_11)
FNDA:0,(anonymous_12)
FNDA:0,(anonymous_13)
FNDA:0,(anonymous_14)
FNDA:0,(anonymous_15)
FNDA:0,(anonymous_16)
FNDA:0,(anonymous_17)
FNDA:0,(anonymous_18)
FNDA:0,(anonymous_19)
DA:15,3
DA:31,3
DA:40,9
DA:41,0
DA:43,9
DA:44,9
DA:45,9
DA:46,9
DA:47,9
DA:59,0
DA:71,8
DA:79,1
DA:87,0
DA:99,0
DA:108,0
DA:116,0
DA:132,0
DA:147,0
DA:155,0
DA:163,0
DA:171,0
DA:179,0
DA:187,0
DA:201,0
DA:210,0
DA:211,0
DA:227,0
DA:235,0
DA:236,0
LF:29
LH:10
BRDA:68,0,0,0
BRDA:69,1,0,6
BRDA:78,2,0,0
BRDA:211,3,0,0
BRDA:211,3,1,0
BRF:5
BRH:1
end_of_record
TN:
SF:src\services\ClaimService.ts
FN:11,(anonymous_1)
FN:25,(anonymous_2)
FN:37,(anonymous_3)
FN:83,(anonymous_4)
FN:97,(anonymous_5)
FN:103,(anonymous_6)
FN:128,(anonymous_7)
FN:144,(anonymous_8)
FN:150,(anonymous_9)
FN:174,(anonymous_10)
FN:181,(anonymous_11)
FN:231,(anonymous_12)
FNF:12
FNH:0
FNDA:0,(anonymous_1)
FNDA:0,(anonymous_2)
FNDA:0,(anonymous_3)
FNDA:0,(anonymous_4)
FNDA:0,(anonymous_5)
FNDA:0,(anonymous_6)
FNDA:0,(anonymous_7)
FNDA:0,(anonymous_8)
FNDA:0,(anonymous_9)
FNDA:0,(anonymous_10)
FNDA:0,(anonymous_11)
FNDA:0,(anonymous_12)
DA:1,0
DA:9,0
DA:11,0
DA:12,0
DA:16,0
DA:26,0
DA:27,0
DA:28,0
DA:30,0
DA:38,0
DA:41,0
DA:44,0
DA:48,0
DA:49,0
DA:53,0
DA:58,0
DA:59,0
DA:63,0
DA:64,0
DA:70,0
DA:73,0
DA:74,0
DA:76,0
DA:84,0
DA:97,0
DA:104,0
DA:119,0
DA:120,0
DA:122,0
DA:129,0
DA:144,0
DA:151,0
DA:164,0
DA:166,0
DA:167,0
DA:168,0
DA:171,0
DA:173,0
DA:174,0
DA:186,0
DA:188,0
DA:189,0
DA:192,0
DA:200,0
DA:201,0
DA:202,0
DA:205,0
DA:208,0
DA:209,0
DA:210,0
DA:216,0
DA:219,0
DA:221,0
DA:222,0
DA:224,0
DA:232,0
LF:56
LH:0
BRDA:27,0,0,0
BRDA:48,1,0,0
BRDA:49,2,0,0
BRDA:49,2,1,0
BRDA:58,3,0,0
BRDA:68,4,0,0
BRDA:68,4,1,0
BRDA:68,5,0,0
BRDA:68,5,1,0
BRDA:73,6,0,0
BRDA:119,7,0,0
BRDA:166,8,0,0
BRDA:197,9,0,0
BRDA:197,9,1,0
BRDA:200,10,0,0
BRDA:208,11,0,0
BRDA:238,12,0,0
BRDA:238,12,1,0
BRDA:239,13,0,0
BRDA:239,13,1,0
BRDA:240,14,0,0
BRDA:240,14,1,0
BRDA:241,15,0,0
BRDA:241,15,1,0
BRDA:242,16,0,0
BRDA:242,16,1,0
BRDA:245,17,0,0
BRDA:245,17,1,0
BRDA:246,18,0,0
BRDA:246,18,1,0
BRDA:247,19,0,0
BRDA:247,19,1,0
BRF:32
BRH:0
end_of_record
TN:
SF:src\services\ConsentService.ts
FN:52,(anonymous_1)
FN:58,(anonymous_2)
FN:66,(anonymous_3)
FN:99,(anonymous_4)
FN:125,(anonymous_5)
FN:141,(anonymous_6)
FN:148,(anonymous_7)
FN:178,(anonymous_8)
FN:184,(anonymous_9)
FN:185,(anonymous_10)
FN:202,(anonymous_11)
FN:209,(anonymous_12)
FNF:12
FNH:12
FNDA:28,(anonymous_1)
FNDA:25,(anonymous_2)
FNDA:16,(anonymous_3)
FNDA:7,(anonymous_4)
FNDA:4,(anonymous_5)
FNDA:3,(anonymous_6)
FNDA:5,(anonymous_7)
FNDA:4,(anonymous_8)
FNDA:6,(anonymous_9)
FNDA:3,(anonymous_10)
FNDA:1,(anonymous_11)
FNDA:17,(anonymous_12)
DA:1,1
DA:6,1
DA:52,1
DA:53,28
DA:59,25
DA:73,16
DA:74,2
DA:79,14
DA:85,14
DA:93,14
DA:101,7
DA:108,7
DA:110,7
DA:111,7
DA:112,9
DA:119,7
DA:127,4
DA:128,1
DA:133,3
DA:140,3
DA:141,3
DA:150,5
DA:151,1
DA:156,4
DA:164,4
DA:166,4
DA:168,2
DA:171,2
DA:180,4
DA:183,4
DA:184,6
DA:185,3
DA:187,4
DA:188,2
DA:192,2
DA:193,3
DA:196,2
DA:203,1
DA:210,17
LF:39
LH:39
BRDA:73,0,0,2
BRDA:89,1,0,14
BRDA:89,1,1,12
BRDA:90,2,0,14
BRDA:90,2,1,12
BRDA:115,3,0,9
BRDA:115,3,1,0
BRDA:127,4,0,1
BRDA:150,5,0,1
BRDA:166,6,0,2
BRDA:187,7,0,2
BRDA:215,8,0,16
BRDA:215,8,1,1
BRF:13
BRH:12
end_of_record
TN:
SF:src\services\DataExportService.ts
FN:93,(anonymous_1)
FN:111,(anonymous_2)
FN:149,(anonymous_3)
FN:184,(anonymous_4)
FN:200,(anonymous_5)
FN:219,(anonymous_6)
FN:231,(anonymous_7)
FN:241,(anonymous_8)
FN:253,(anonymous_9)
FN:263,(anonymous_10)
FN:276,(anonymous_11)
FN:288,(anonymous_12)
FN:301,(anonymous_13)
FN:313,(anonymous_14)
FN:327,(anonymous_15)
FN:338,(anonymous_16)
FN:352,(anonymous_17)
FN:364,(anonymous_18)
FN:375,(anonymous_19)
FNF:19
FNH:19
FNDA:17,(anonymous_1)
FNDA:17,(anonymous_2)
FNDA:17,(anonymous_3)
FNDA:16,(anonymous_4)
FNDA:3,(anonymous_5)
FNDA:16,(anonymous_6)
FNDA:1,(anonymous_7)
FNDA:16,(anonymous_8)
FNDA:1,(anonymous_9)
FNDA:16,(anonymous_10)
FNDA:1,(anonymous_11)
FNDA:16,(anonymous_12)
FNDA:1,(anonymous_13)
FNDA:16,(anonymous_14)
FNDA:1,(anonymous_15)
FNDA:16,(anonymous_16)
FNDA:1,(anonymous_17)
FNDA:16,(anonymous_18)
FNDA:1,(anonymous_19)
DA:1,1
DA:93,1
DA:94,17
DA:103,1
DA:113,17
DA:114,17
DA:115,1
DA:120,16
DA:131,16
DA:150,17
DA:157,17
DA:159,17
DA:160,1
DA:163,16
DA:164,16
DA:185,16
DA:198,16
DA:200,16
DA:220,16
DA:229,16
DA:231,16
DA:242,16
DA:251,16
DA:253,16
DA:264,16
DA:274,16
DA:276,16
DA:289,16
DA:299,16
DA:301,16
DA:314,16
DA:325,16
DA:327,16
DA:339,16
DA:350,16
DA:352,16
DA:365,16
DA:373,16
DA:375,16
LF:39
LH:39
BRDA:114,0,0,1
BRDA:159,1,0,1
BRDA:173,2,0,15
BRDA:173,2,1,1
BRDA:206,3,0,3
BRDA:206,3,1,0
BRDA:209,4,0,2
BRDA:209,4,1,1
BRDA:210,5,0,2
BRDA:210,5,1,1
BRDA:211,6,0,2
BRDA:211,6,1,1
BRF:12
BRH:11
end_of_record
TN:
SF:src\services\DataRetentionService.ts
FN:51,(anonymous_1)
FN:67,(anonymous_2)
FN:132,(anonymous_3)
FN:271,(anonymous_4)
FN:315,(anonymous_5)
FN:323,(anonymous_6)
FN:340,(anonymous_7)
FN:392,(anonymous_8)
FNF:8
FNH:8
FNDA:32,(anonymous_1)
FNDA:5,(anonymous_2)
FNDA:18,(anonymous_3)
FNDA:3,(anonymous_4)
FNDA:7,(anonymous_5)
FNDA:6,(anonymous_6)
FNDA:4,(anonymous_7)
FNDA:4,(anonymous_8)
DA:1,2
DA:2,2
DA:3,2
DA:51,2
DA:52,32
DA:57,2
DA:69,5
DA:73,5
DA:74,1
DA:78,4
DA:84,4
DA:85,1
DA:89,3
DA:90,3
DA:93,3
DA:100,3
DA:101,3
DA:112,3
DA:116,3
DA:134,18
DA:136,18
DA:137,3
DA:141,15
DA:142,15
DA:143,15
DA:146,15
DA:149,15
DA:150,15
DA:151,15
DA:152,15
DA:153,15
DA:155,15
DA:156,15
DA:159,15
DA:163,15
DA:166,15
DA:170,14
DA:173,14
DA:176,14
DA:179,14
DA:182,14
DA:189,14
DA:192,14
DA:195,14
DA:198,14
DA:201,14
DA:207,14
DA:210,14
DA:214,14
DA:217,14
DA:236,14
DA:243,14
DA:245,14
DA:256,1
DA:257,1
DA:259,15
DA:273,3
DA:279,3
DA:280,1
DA:284,2
DA:293,2
DA:297,2
DA:298,2
DA:316,7
DA:323,7
DA:346,4
DA:347,4
DA:348,4
DA:349,4
DA:351,4
DA:352,4
DA:354,4
DA:359,4
DA:360,2
DA:362,2
DA:363,2
DA:364,2
DA:367,2
DA:371,2
DA:378,4
DA:393,4
DA:402,4
DA:403,1
DA:406,3
DA:407,3
LF:85
LH:85
BRDA:73,0,0,1
BRDA:84,1,0,1
BRDA:107,2,0,3
BRDA:107,2,1,3
BRDA:108,3,0,3
BRDA:108,3,1,3
BRDA:136,4,0,3
BRDA:163,5,0,15
BRDA:163,5,1,11
BRDA:170,6,0,14
BRDA:170,6,1,10
BRDA:176,7,0,14
BRDA:176,7,1,11
BRDA:207,8,0,14
BRDA:207,8,1,10
BRDA:214,9,0,14
BRDA:214,9,1,12
BRDA:279,10,0,1
BRDA:304,11,0,2
BRDA:304,11,1,2
BRDA:305,12,0,2
BRDA:305,12,1,0
BRDA:329,13,0,6
BRDA:329,13,1,6
BRDA:330,14,0,6
BRDA:330,14,1,6
BRDA:363,15,0,2
BRDA:363,15,1,0
BRDA:372,16,0,2
BRDA:372,16,1,0
BRDA:373,17,0,2
BRDA:373,17,1,0
BRDA:402,18,0,1
BRDA:413,19,0,3
BRDA:413,19,1,2
BRDA:414,20,0,3
BRDA:414,20,1,2
BRF:37
BRH:33
end_of_record
TN:
SF:src\services\DiscoveryService.ts
FN:27,(anonymous_1)
FN:37,(anonymous_2)
FN:40,(anonymous_3)
FN:50,(anonymous_4)
FN:53,(anonymous_5)
FN:76,(anonymous_6)
FN:85,(anonymous_7)
FN:93,(anonymous_8)
FN:241,(anonymous_9)
FN:276,(anonymous_10)
FNF:10
FNH:0
FNDA:0,(anonymous_1)
FNDA:0,(anonymous_2)
FNDA:0,(anonymous_3)
FNDA:0,(anonymous_4)
FNDA:0,(anonymous_5)
FNDA:0,(anonymous_6)
FNDA:0,(anonymous_7)
FNDA:0,(anonymous_8)
FNDA:0,(anonymous_9)
FNDA:0,(anonymous_10)
DA:1,0
DA:2,0
DA:4,0
DA:5,0
DA:6,0
DA:24,0
DA:25,0
DA:27,0
DA:28,0
DA:29,0
DA:30,0
DA:38,0
DA:40,0
DA:51,0
DA:53,0
DA:83,0
DA:85,0
DA:100,0
DA:102,0
DA:103,0
DA:104,0
DA:106,0
DA:107,0
DA:108,0
DA:109,0
DA:110,0
DA:112,0
DA:119,0
DA:129,0
DA:209,0
DA:212,0
DA:213,0
DA:218,0
DA:219,0
DA:221,0
DA:223,0
DA:227,0
DA:242,0
DA:243,0
DA:255,0
DA:256,0
DA:262,0
DA:266,0
DA:277,0
DA:278,0
DA:289,0
DA:290,0
DA:296,0
DA:300,0
LF:49
LH:0
BRDA:81,0,0,0
BRDA:98,1,0,0
BRDA:106,2,0,0
BRDA:106,3,0,0
BRDA:106,3,1,0
BRDA:106,3,2,0
BRDA:212,4,0,0
BRDA:218,5,0,0
BRDA:218,6,0,0
BRDA:218,6,1,0
BRDA:219,7,0,0
BRDA:219,7,1,0
BRDA:224,8,0,0
BRDA:224,8,1,0
BRDA:225,9,0,0
BRDA:225,9,1,0
BRDA:257,10,0,0
BRDA:257,10,1,0
BRDA:258,11,0,0
BRDA:258,11,1,0
BRDA:259,12,0,0
BRDA:259,12,1,0
BRDA:263,13,0,0
BRDA:263,13,1,0
BRDA:264,14,0,0
BRDA:264,14,1,0
BRDA:291,15,0,0
BRDA:291,15,1,0
BRDA:292,16,0,0
BRDA:292,16,1,0
BRDA:293,17,0,0
BRDA:293,17,1,0
BRDA:297,18,0,0
BRDA:297,18,1,0
BRDA:298,19,0,0
BRDA:298,19,1,0
BRF:36
BRH:0
end_of_record
TN:
SF:src\services\EmailService.ts
FN:15,(anonymous_0)
FN:35,(anonymous_1)
FN:44,(anonymous_2)
FNF:3
FNH:3
FNDA:25,(anonymous_0)
FNDA:6,(anonymous_1)
[...]
FNH:0
FNDA:0,el
FNDA:0,renderStars
FNDA:0,checkinCardOG
FNDA:0,checkinCardStories
DA:41,0
DA:51,0
DA:52,0
DA:53,0
DA:54,0
DA:61,0
DA:62,0
DA:204,0
DA:205,0
LF:9
LH:0
BRDA:45,0,0,0
BRDA:45,0,1,0
BRDA:45,1,0,0
BRDA:45,1,1,0
BRDA:52,2,0,0
BRDA:52,2,1,0
BRDA:54,3,0,0
BRDA:54,3,1,0
BRF:8
BRH:0
end_of_record
TN:
SF:src\templates\share-cards\wrapped-stat-card.ts
FN:38,el
FN:52,truncate
FN:61,wrappedStatCardOG
FN:186,wrappedStatCardStories
FNF:4
FNH:0
FNDA:0,el
FNDA:0,truncate
FNDA:0,wrappedStatCardOG
FNDA:0,wrappedStatCardStories
DA:43,0
DA:53,0
DA:54,0
DA:61,0
DA:62,0
DA:64,0
DA:186,0
DA:187,0
DA:189,0
LF:9
LH:0
BRDA:47,0,0,0
BRDA:47,0,1,0
BRDA:47,1,0,0
BRDA:47,1,1,0
BRDA:53,2,0,0
BRF:5
BRH:0
end_of_record
TN:
SF:src\templates\share-cards\wrapped-summary-card.ts
FN:38,el
FN:52,truncate
FN:61,wrappedSummaryCardOG
FN:221,wrappedSummaryCardStories
FNF:4
FNH:0
FNDA:0,el
FNDA:0,truncate
FNDA:0,wrappedSummaryCardOG
FNDA:0,wrappedSummaryCardStories
DA:43,0
DA:53,0
DA:54,0
DA:61,0
DA:62,0
DA:63,0
DA:65,0
DA:221,0
DA:222,0
DA:223,0
DA:225,0
LF:11
LH:0
BRDA:47,0,0,0
BRDA:47,0,1,0
BRDA:47,1,0,0
BRDA:47,1,1,0
BRDA:53,2,0,0
BRF:5
BRH:0
end_of_record
TN:
SF:src\types\index.ts
FNF:0
FNH:0
DA:5,0
DA:8,0
DA:11,0
DA:14,0
DA:17,0
DA:20,0
DA:23,0
DA:26,0
LF:8
LH:0
BRF:0
BRH:0
end_of_record
TN:
SF:src\utils\asyncHandler.ts
FN:9,(anonymous_0)
FN:12,(anonymous_1)
FNF:2
FNH:2
FNDA:827,(anonymous_0)
FNDA:63,(anonymous_1)
DA:9,5
DA:12,827
DA:13,63
LF:3
LH:3
BRF:0
BRH:0
end_of_record
TN:
SF:src\utils\auth.ts
FN:14,(anonymous_1)
FN:30,(anonymous_2)
FN:38,(anonymous_3)
FN:45,(anonymous_4)
FN:57,(anonymous_5)
FN:76,(anonymous_6)
FN:86,(anonymous_7)
FN:118,(anonymous_8)
FN:126,(anonymous_9)
FN:167,hashRefreshToken
FN:178,verifyRefreshTokenHash
FN:194,generateRefreshToken
FN:225,verifyRefreshToken
FN:259,revokeRefreshToken
FN:286,revokeAllUserTokens
FN:305,cleanupExpiredTokens
FNF:16
FNH:8
FNDA:11,(anonymous_1)
FNDA:0,(anonymous_2)
FNDA:0,(anonymous_3)
FNDA:0,(anonymous_4)
FNDA:0,(anonymous_5)
FNDA:0,(anonymous_6)
FNDA:0,(anonymous_7)
FNDA:0,(anonymous_8)
FNDA:0,(anonymous_9)
FNDA:6,hashRefreshToken
FNDA:8,verifyRefreshTokenHash
FNDA:6,generateRefreshToken
FNDA:16,verifyRefreshToken
FNDA:5,revokeRefreshToken
FNDA:2,revokeAllUserTokens
FNDA:3,cleanupExpiredTokens
DA:1,11
DA:2,11
DA:3,11
DA:6,11
DA:7,11
DA:14,11
DA:15,11
DA:16,11
DA:17,0
DA:19,11
DA:20,0
DA:22,11
DA:24,11
DA:26,11
DA:31,0
DA:32,0
DA:39,0
DA:46,0
DA:51,0
DA:58,0
DA:59,0
DA:64,0
DA:66,0
DA:67,0
DA:69,0
DA:77,0
DA:78,0
DA:80,0
DA:87,0
DA:89,0
DA:90,0
DA:93,0
DA:94,0
DA:97,0
DA:98,0
DA:101,0
DA:102,0
DA:105,0
DA:106,0
DA:109,0
DA:119,0
DA:120,0
DA:127,0
DA:129,0
DA:130,0
DA:133,0
DA:134,0
DA:137,0
DA:138,0
DA:141,0
DA:142,0
DA:145,0
DA:156,11
DA:167,11
DA:169,6
DA:178,11
DA:179,8
DA:194,11
DA:198,6
DA:201,6
DA:203,6
DA:205,6
DA:206,6
DA:208,6
DA:213,6
DA:225,11
DA:228,16
DA:233,16
DA:240,14
DA:241,8
DA:242,0
DA:243,0
DA:247,6
DA:259,11
DA:260,5
DA:263,5
DA:268,5
DA:269,0
DA:270,0
DA:271,0
DA:275,0
DA:286,11
DA:287,2
DA:289,2
DA:305,11
DA:306,3
DA:308,3
DA:314,3
LF:88
LH:42
BRDA:16,0,0,0
BRDA:19,1,0,0
BRDA:24,2,0,11
BRDA:24,2,1,0
BRDA:66,3,0,0
BRDA:77,4,0,0
BRDA:77,5,0,0
BRDA:77,5,1,0
BRDA:89,6,0,0
BRDA:93,7,0,0
BRDA:97,8,0,0
BRDA:101,9,0,0
BRDA:105,10,0,0
BRDA:129,11,0,0
BRDA:133,12,0,0
BRDA:137,13,0,0
BRDA:141,14,0,0
BRDA:141,15,0,0
BRDA:141,15,1,0
BRDA:198,16,0,6
BRDA:198,16,1,5
BRDA:242,17,0,0
BRDA:260,18,0,5
BRDA:260,18,1,4
BRDA:270,19,0,0
BRDA:314,20,0,3
BRDA:314,20,1,2
BRF:27
BRH:7
end_of_record
TN:
SF:src\utils\cache.ts
FN:35,getCacheKey
FN:45,getCache
FN:76,setCache
FN:102,deleteCache
FN:132,(anonymous_5)
FN:134,(anonymous_6)
FN:142,(anonymous_7)
FN:149,(anonymous_8)
FN:156,(anonymous_9)
FN:163,(anonymous_10)
FN:193,(anonymous_11)
FN:214,(anonymous_12)
FN:234,(anonymous_13)
FN:260,(anonymous_14)
FN:266,(anonymous_15)
FN:274,(anonymous_16)
FN:281,(anonymous_17)
FN:287,(anonymous_18)
FN:299,(anonymous_19)
FN:310,(anonymous_20)
FN:322,(anonymous_21)
FN:323,(anonymous_22)
FN:324,(anonymous_23)
FN:325,(anonymous_24)
FN:326,(anonymous_25)
FN:327,(anonymous_26)
FN:328,(anonymous_27)
FN:329,(anonymous_28)
FN:333,(anonymous_29)
FN:337,(anonymous_30)
FN:338,(anonymous_31)
FN:339,(anonymous_32)
FN:340,(anonymous_33)
FN:342,(anonymous_34)
FN:344,(anonymous_35)
FN:345,(anonymous_36)
FNF:36
FNH:1
FNDA:0,getCacheKey
FNDA:0,getCache
FNDA:0,setCache
FNDA:0,deleteCache
FNDA:7,(anonymous_5)
FNDA:0,(anonymous_6)
FNDA:0,(anonymous_7)
FNDA:0,(anonymous_8)
FNDA:0,(anonymous_9)
FNDA:0,(anonymous_10)
FNDA:0,(anonymous_11)
FNDA:0,(anonymous_12)
FNDA:0,(anonymous_13)
FNDA:0,(anonymous_14)
FNDA:0,(anonymous_15)
FNDA:0,(anonymous_16)
FNDA:0,(anonymous_17)
FNDA:0,(anonymous_18)
FNDA:0,(anonymous_19)
FNDA:0,(anonymous_20)
FNDA:0,(anonymous_21)
FNDA:0,(anonymous_22)
FNDA:0,(anonymous_23)
FNDA:0,(anonymous_24)
FNDA:0,(anonymous_25)
FNDA:0,(anonymous_26)
FNDA:0,(anonymous_27)
FNDA:0,(anonymous_28)
FNDA:0,(anonymous_29)
FNDA:0,(anonymous_30)
FNDA:0,(anonymous_31)
FNDA:0,(anonymous_32)
FNDA:0,(anonymous_33)
FNDA:0,(anonymous_34)
FNDA:0,(anonymous_35)
FNDA:0,(anonymous_36)
DA:26,7
DA:27,7
DA:30,7
DA:35,7
DA:36,0
DA:40,7
DA:45,7
DA:46,0
DA:48,0
DA:49,0
DA:50,0
DA:51,0
DA:53,0
DA:62,0
DA:63,0
DA:65,0
DA:66,0
DA:67,0
DA:70,0
DA:76,7
DA:77,0
DA:79,0
DA:80,0
DA:81,0
DA:82,0
DA:84,0
DA:93,0
DA:102,7
DA:103,0
DA:105,0
DA:106,0
DA:107,0
DA:108,0
DA:110,0
DA:118,0
DA:134,7
DA:135,0
DA:143,0
DA:150,0
DA:157,0
DA:164,0
DA:166,0
DA:167,0
DA:168,0
DA:170,0
DA:178,0
DA:179,0
DA:182,0
DA:183,0
DA:184,0
DA:187,0
DA:194,0
DA:196,0
DA:197,0
DA:198,0
DA:199,0
DA:201,0
DA:208,0
DA:216,0
DA:217,0
DA:218,0
DA:222,0
DA:225,0
DA:227,0
DA:235,0
DA:237,0
DA:238,0
DA:239,0
DA:240,0
DA:241,0
DA:242,0
DA:243,0
DA:244,0
DA:247,0
DA:249,0
DA:257,0
DA:258,0
DA:260,0
DA:261,0
DA:262,0
DA:266,0
DA:267,0
DA:275,0
DA:276,0
DA:278,0
DA:279,0
DA:281,0
DA:282,0
DA:283,0
DA:287,0
DA:288,0
DA:291,0
DA:292,0
DA:300,0
DA:301,0
DA:311,0
DA:312,0
DA:318,7
DA:321,7
DA:322,0
DA:323,0
DA:324,0
DA:325,0
DA:326,0
DA:327,0
DA:328,0
DA:330,0
DA:331,0
DA:334,0
DA:335,0
DA:337,0
DA:338,0
DA:339,0
DA:341,0
DA:343,0
DA:344,0
DA:345,0
DA:349,7
LF:118
LH:12
BRDA:30,0,0,7
BRDA:30,0,1,7
BRDA:48,1,0,0
BRDA:51,2,0,0
BRDA:51,2,1,0
BRDA:54,3,0,0
BRDA:54,3,1,0
BRDA:55,4,0,0
BRDA:55,4,1,0
BRDA:63,5,0,0
BRDA:65,6,0,0
BRDA:79,7,0,0
BRDA:85,8,0,0
BRDA:85,8,1,0
BRDA:86,9,0,0
BRDA:86,9,1,0
BRDA:105,10,0,0
BRDA:111,11,0,0
BRDA:111,11,1,0
BRDA:112,12,0,0
BRDA:112,12,1,0
BRDA:142,13,0,0
BRDA:166,14,0,0
BRDA:171,15,0,0
BRDA:171,15,1,0
BRDA:172,16,0,0
BRDA:172,16,1,0
BRDA:179,17,0,0
BRDA:182,18,0,0
BRDA:196,19,0,0
BRDA:202,20,0,0
BRDA:202,20,1,0
BRDA:203,21,0,0
BRDA:203,21,1,0
BRDA:214,22,0,0
BRDA:217,23,0,0
BRDA:237,24,0,0
BRDA:243,25,0,0
BRDA:250,26,0,0
BRDA:250,26,1,0
BRDA:251,27,0,0
BRDA:251,27,1,0
BRDA:261,28,0,0
BRDA:276,29,0,0
BRDA:282,30,0,0
BRDA:291,31,0,0
BRDA:303,32,0,0
BRDA:303,32,1,0
BRDA:311,33,0,0
BRF:49
BRH:2
end_of_record
TN:
SF:src\utils\dbMappers.ts
FN:7,sanitizeUserForClient
FN:15,mapDbUserToUser
FN:42,mapDbRowToReport
FN:66,mapDbRowToModerationItem
FN:89,mapDbRowToUserBlock
FN:105,camelToSnakeCase
FN:106,(anonymous_6)
FNF:7
FNH:2
FNDA:15,sanitizeUserForClient
FNDA:18,mapDbUserToUser
FNDA:0,mapDbRowToReport
FNDA:0,mapDbRowToModerationItem
FNDA:0,mapDbRowToUserBlock
FNDA:0,camelToSnakeCase
FNDA:0,(anonymous_6)
DA:7,17
DA:8,15
DA:9,15
DA:15,17
DA:16,18
DA:17,0
DA:20,18
DA:42,17
DA:43,0
DA:44,0
DA:47,0
DA:66,17
DA:67,0
DA:68,0
DA:71,0
DA:89,17
DA:90,0
DA:91,0
DA:94,0
DA:105,17
DA:106,0
LF:21
LH:10
BRDA:16,0,0,0
BRDA:24,1,0,18
BRDA:24,1,1,2
BRDA:25,2,0,18
BRDA:25,2,1,3
BRDA:26,3,0,18
BRDA:26,3,1,18
BRDA:27,4,0,18
BRDA:27,4,1,18
BRDA:28,5,0,18
BRDA:28,5,1,18
BRDA:29,6,0,18
BRDA:29,6,1,18
BRDA:30,7,0,18
BRDA:30,7,1,3
BRDA:31,8,0,18
BRDA:31,8,1,1
BRDA:32,9,0,18
BRDA:32,9,1,17
BRDA:33,10,0,18
BRDA:33,10,1,17
BRDA:43,11,0,0
BRDA:52,12,0,0
BRDA:52,12,1,0
BRDA:54,13,0,0
BRDA:54,13,1,0
BRDA:56,14,0,0
BRDA:56,14,1,0
BRDA:57,15,0,0
BRDA:57,15,1,0
BRDA:58,16,0,0
BRDA:58,16,1,0
BRDA:67,17,0,0
BRDA:76,18,0,0
BRDA:76,18,1,0
BRDA:77,19,0,0
BRDA:77,19,1,0
BRDA:79,20,0,0
BRDA:79,20,1,0
BRDA:80,21,0,0
BRDA:80,21,1,0
BRDA:81,22,0,0
BRDA:81,22,1,0
BRDA:90,23,0,0
BRF:44
BRH:20
end_of_record
TN:
SF:src\utils\errors.ts
FN:15,(anonymous_0)
FN:29,(anonymous_1)
FN:38,(anonymous_2)
FN:47,(anonymous_3)
FN:56,(anonymous_4)
FN:65,(anonymous_5)
FN:76,(anonymous_6)
FN:90,(anonymous_7)
FN:102,(anonymous_8)
FN:111,(anonymous_9)
FN:119,isOperationalError
FNF:11
FNH:4
FNDA:12,(anonymous_0)
FNDA:5,(anonymous_1)
FNDA:6,(anonymous_2)
FNDA:0,(anonymous_3)
FNDA:1,(anonymous_4)
FNDA:0,(anonymous_5)
FNDA:0,(anonymous_6)
FNDA:0,(anonymous_7)
FNDA:0,(anonymous_8)
FNDA:0,(anonymous_9)
FNDA:0,isOperationalError
DA:10,5
DA:16,12
DA:17,12
DA:18,12
DA:19,12
DA:21,12
DA:28,5
DA:30,5
DA:37,5
DA:39,6
DA:46,5
DA:48,0
DA:55,5
DA:57,1
DA:64,5
DA:66,0
DA:73,5
DA:81,0
DA:82,0
DA:89,5
DA:94,0
DA:101,5
DA:103,0
DA:110,5
DA:112,0
DA:119,5
DA:120,0
DA:121,0
DA:123,0
LF:29
LH:19
BRDA:29,0,0,0
BRDA:38,1,0,0
BRDA:47,2,0,0
BRDA:56,3,0,0
BRDA:65,4,0,0
BRDA:77,5,0,0
BRDA:91,6,0,0
BRDA:102,7,0,0
BRDA:111,8,0,0
BRDA:120,9,0,0
BRF:10
BRH:0
end_of_record
TN:
SF:src\utils\logSanitizer.ts
FN:34,redactHeaders
FN:68,sanitizeForLogging
FN:87,(anonymous_2)
FNF:3
FNH:3
FNDA:8,redactHeaders
FNDA:20,sanitizeForLogging
FNDA:141,(anonymous_2)
DA:11,1
DA:21,1
DA:34,1
DA:35,8
DA:37,8
DA:38,16
DA:39,11
DA:41,5
DA:45,8
DA:68,1
DA:69,20
DA:70,2
DA:73,18
DA:74,3
DA:77,15
DA:78,1
DA:81,14
DA:83,14
DA:84,29
DA:87,141
DA:88,10
DA:89,19
DA:91,3
DA:92,16
DA:94,7
DA:96,9
DA:100,14
LF:27
LH:27
BRDA:38,0,0,11
BRDA:38,0,1,5
BRDA:69,1,0,2
BRDA:69,2,0,20
BRDA:69,2,1,19
BRDA:73,3,0,3
BRDA:77,4,0,1
BRDA:87,5,0,10
BRDA:87,5,1,19
BRDA:89,6,0,3
BRDA:89,6,1,16
BRDA:89,7,0,19
BRDA:89,7,1,3
BRDA:89,7,2,3
BRDA:92,8,0,7
BRDA:92,8,1,9
BRF:16
BRH:16
end_of_record
TN:
SF:src\utils\logger.ts
FN:54,(anonymous_1)
FN:87,(anonymous_2)
FN:91,(anonymous_3)
FN:95,(anonymous_4)
FN:99,(anonymous_5)
FN:103,(anonymous_6)
FNF:6
FNH:1
FNDA:63,(anonymous_1)
FNDA:0,(anonymous_2)
FNDA:0,(anonymous_3)
FNDA:0,(anonymous_4)
FNDA:0,(anonymous_5)
FNDA:0,(anonymous_6)
DA:1,39
DA:17,39
DA:26,39
DA:34,39
DA:37,39
DA:45,39
DA:48,39
DA:49,39
DA:55,63
DA:63,39
DA:64,0
DA:75,39
DA:84,39
DA:87,39
DA:88,0
DA:91,39
DA:92,0
DA:95,39
DA:96,0
DA:99,39
DA:100,0
DA:103,39
DA:104,0
LF:23
LH:17
BRDA:48,0,0,39
BRDA:55,1,0,15
BRDA:55,1,1,48
BRDA:63,2,0,0
BRDA:76,3,0,0
BRDA:76,3,1,39
BRF:6
BRH:4
end_of_record
TN:
SF:src\utils\redisRateLimiter.ts
FN:22,initRedis
FN:33,(anonymous_2)
FN:40,(anonymous_3)
FN:44,(anonymous_4)
FN:48,(anonymous_5)
FN:52,(anonymous_6)
FN:69,getRedis
FN:83,checkRateLimit
FN:146,closeRedis
FN:169,(anonymous_10)
FN:177,(anonymous_11)
FN:178,(anonymous_12)
FN:215,(anonymous_13)
FN:222,(anonymous_14)
FN:247,(anonymous_15)
FN:288,(anonymous_17)
FN:295,(anonymous_18)
FN:303,(anonymous_19)
FN:390,(anonymous_20)
FN:417,(anonymous_21)
FN:418,(anonymous_22)
FNF:21
FNH:2
FNDA:0,initRedis
FNDA:0,(anonymous_2)
FNDA:0,(anonymous_3)
FNDA:0,(anonymous_4)
FNDA:0,(anonymous_5)
FNDA:0,(anonymous_6)
FNDA:0,getRedis
FNDA:0,checkRateLimit
FNDA:0,closeRedis
FNDA:10,(anonymous_10)
FNDA:0,(anonymous_11)
FNDA:0,(anonymous_12)
FNDA:0,(anonymous_13)
FNDA:0,(anonymous_14)
FNDA:0,(anonymous_15)
FNDA:0,(anonymous_17)
FNDA:0,(anonymous_18)
FNDA:0,(anonymous_19)
FNDA:0,(anonymous_20)
FNDA:1,(anonymous_21)
FNDA:0,(anonymous_22)
DA:11,10
DA:14,10
DA:16,10
DA:22,10
DA:23,0
DA:25,0
DA:26,0
DA:27,0
DA:30,0
DA:31,0
DA:34,0
DA:35,0
DA:40,0
DA:41,0
DA:44,0
DA:45,0
DA:48,0
DA:49,0
DA:52,0
DA:53,0
DA:56,0
DA:58,0
DA:62,0
DA:69,10
DA:70,0
DA:83,10
DA:88,0
DA:93,0
DA:96,0
DA:97,0
DA:99,0
DA:108,0
DA:109,0
DA:110,0
DA:111,0
DA:112,0
DA:114,0
DA:115,0
DA:117,0
DA:121,0
DA:123,0
DA:124,0
DA:127,0
DA:133,0
DA:139,0
DA:146,10
DA:147,0
DA:148,0
DA:149,0
DA:150,0
DA:151,0
DA:153,0
DA:157,0
DA:165,10
DA:170,10
DA:171,10
DA:178,0
DA:179,0
DA:180,0
DA:182,0
DA:183,0
DA:186,0
DA:187,0
DA:188,0
DA:190,0
DA:191,0
DA:195,0
DA:196,0
DA:199,0
DA:201,0
DA:207,0
DA:216,0
DA:223,0
DA:225,0
DA:226,0
DA:229,0
DA:230,0
DA:231,0
DA:233,0
DA:234,0
DA:236,0
DA:240,0
DA:248,0
DA:250,0
DA:251,0
DA:252,0
DA:254,0
DA:270,10
DA:280,10
DA:281,10
DA:282,10
DA:289,0
DA:296,0
DA:307,0
DA:308,0
DA:310,0
DA:312,0
DA:320,0
DA:321,0
DA:323,0
DA:325,0
DA:328,0
DA:330,0
DA:332,0
DA:334,0
DA:336,0
DA:338,0
DA:339,0
DA:341,0
DA:342,0
DA:343,0
DA:351,0
DA:352,0
DA:355,0
DA:356,0
DA:364,0
DA:371,0
DA:378,0
DA:391,0
DA:393,0
DA:394,0
DA:395,0
DA:398,0
DA:399,0
DA:400,0
DA:401,0
DA:405,0
DA:418,1
DA:419,0
DA:420,0
DA:422,0
DA:423,0
DA:426,0
DA:427,0
DA:428,0
DA:431,0
DA:432,0
DA:435,0
DA:436,0
DA:440,0
DA:441,0
DA:445,0
DA:447,0
DA:449,0
DA:456,0
DA:463,10
DA:464,10
LF:147
LH:17
BRDA:25,0,0,0
BRDA:59,1,0,0
BRDA:59,1,1,0
BRDA:60,2,0,0
BRDA:60,2,1,0
BRDA:88,3,0,0
BRDA:115,4,0,0
BRDA:121,5,0,0
BRDA:121,5,1,0
BRDA:123,6,0,0
BRDA:134,7,0,0
BRDA:134,7,1,0
BRDA:135,8,0,0
BRDA:135,8,1,0
BRDA:147,9,0,0
BRDA:154,10,0,0
BRDA:154,10,1,0
BRDA:155,11,0,0
BRDA:155,11,1,0
BRDA:169,12,0,10
BRDA:169,13,0,10
BRDA:179,14,0,0
BRDA:179,14,1,0
BRDA:179,14,2,0
BRDA:190,15,0,0
BRDA:202,16,0,0
BRDA:202,16,1,0
BRDA:203,17,0,0
BRDA:203,17,1,0
BRDA:225,18,0,0
BRDA:237,19,0,0
BRDA:237,19,1,0
BRDA:238,20,0,0
BRDA:238,20,1,0
BRDA:250,21,0,0
BRDA:255,22,0,0
BRDA:255,22,1,0
BRDA:256,23,0,0
BRDA:256,23,1,0
BRDA:276,24,0,10
BRDA:277,25,0,10
BRDA:278,26,0,10
BRDA:310,27,0,0
BRDA:342,28,0,0
BRDA:351,29,0,0
BRDA:351,29,1,0
BRDA:352,30,0,0
BRDA:352,30,1,0
BRDA:355,31,0,0
BRDA:372,32,0,0
BRDA:372,32,1,0
BRDA:373,33,0,0
BRDA:373,33,1,0
BRDA:391,34,0,0
BRDA:394,35,0,0
BRDA:394,35,1,0
BRDA:400,36,0,0
BRDA:406,37,0,0
BRDA:406,37,1,0
BRDA:407,38,0,0
BRDA:407,38,1,0
BRDA:419,39,0,0
BRDA:419,39,1,0
BRDA:419,39,2,0
BRDA:431,40,0,0
BRDA:435,41,0,0
BRDA:450,42,0,0
BRDA:450,42,1,0
BRDA:451,43,0,0
BRDA:451,43,1,0
BRF:70
BRH:5
end_of_record
TN:
SF:src\utils\sentry.ts
FN:17,initSentry
FN:39,(anonymous_11)
FN:59,setupSentryForExpress
FN:71,closeSentry
FN:81,captureException
FN:96,captureMessage
FN:111,setUser
FN:119,clearUser
FN:127,addBreadcrumb
FN:140,isSentryInitialized
FNF:10
FNH:1
FNDA:0,initSentry
FNDA:0,(anonymous_11)
FNDA:0,setupSentryForExpress
FNDA:0,closeSentry
FNDA:0,captureException
FNDA:0,captureMessage
FNDA:4,setUser
FNDA:0,clearUser
FNDA:0,addBreadcrumb
FNDA:0,isSentryInitialized
DA:8,3
DA:9,3
DA:11,3
DA:17,3
DA:18,0
DA:20,0
DA:21,0
DA:22,0
DA:25,0
DA:41,0
DA:42,0
DA:43,0
DA:44,0
DA:46,0
DA:50,0
DA:51,0
DA:59,3
DA:60,0
DA:61,0
DA:64,0
DA:71,3
DA:72,0
DA:73,0
DA:75,0
DA:81,3
DA:82,0
DA:83,0
DA:84,0
DA:87,0
DA:88,0
DA:90,0
DA:96,3
DA:100,0
DA:101,0
DA:102,0
DA:105,0
DA:111,3
DA:112,4
DA:113,0
DA:119,3
DA:120,0
DA:121,0
DA:127,3
DA:133,0
DA:134,0
DA:140,3
DA:141,0
DA:144,3
LF:48
LH:14
BRDA:20,0,0,0
BRDA:27,1,0,0
BRDA:27,1,1,0
BRDA:32,2,0,0
BRDA:32,2,1,0
BRDA:32,2,2,0
BRDA:33,3,0,0
BRDA:33,3,1,0
BRDA:41,4,0,0
BRDA:60,5,0,0
BRDA:71,6,0,0
BRDA:72,7,0,0
BRDA:82,8,0,0
BRDA:87,9,0,0
BRDA:98,10,0,0
BRDA:100,11,0,0
BRDA:112,12,0,4
BRDA:120,13,0,0
BRDA:133,14,0,0
BRF:19
BRH:1
end_of_record
TN:
SF:src\utils\validationSchemas.ts
FN:18,isValidUUID
FN:27,escapeHtml
FN:41,parseBoundedInt
FNF:3
FNH:0
FNDA:0,isValidUUID
FNDA:0,escapeHtml
FNDA:0,parseBoundedInt
DA:1,3
DA:11,3
DA:18,3
DA:19,0
DA:20,0
DA:27,3
DA:28,0
DA:41,3
DA:47,0
DA:48,0
DA:49,0
DA:50,0
DA:59,3
DA:82,3
DA:89,3
DA:100,3
DA:106,3
DA:116,3
DA:126,3
LF:19
LH:12
BRDA:19,0,0,0
BRDA:47,1,0,0
BRDA:47,2,0,0
BRDA:47,2,1,0
BRDA:49,3,0,0
BRF:5
BRH:0
end_of_record
TN:
SF:src\utils\websocket.ts
FN:51,(anonymous_1)
FN:59,(anonymous_2)
FN:67,(anonymous_3)
FN:98,(anonymous_4)
FN:132,(anonymous_5)
FN:145,(anonymous_6)
FN:153,(anonymous_7)
FN:170,(anonymous_8)
FN:175,(anonymous_9)
FN:203,(anonymous_10)
FN:232,(anonymous_11)
FN:284,(anonymous_12)
FN:316,(anonymous_13)
FN:322,(anonymous_14)
FN:345,(anonymous_15)
FN:362,(anonymous_16)
FN:378,(anonymous_17)
FN:395,(anonymous_18)
FN:408,(anonymous_19)
FN:419,(anonymous_20)
FN:428,(anonymous_21)
FN:440,(anonymous_22)
FN:458,(anonymous_23)
FN:459,(anonymous_24)
FN:477,(anonymous_25)
FN:484,(anonymous_26)
FN:506,(anonymous_27)
FN:524,(anonymous_28)
FN:525,(anonymous_29)
FN:526,(anonymous_30)
FN:528,(anonymous_31)
FN:530,(anonymous_32)
FN:531,(anonymous_33)
FNF:33
FNH:12
FNDA:2,(anonymous_1)
FNDA:0,(anonymous_2)
FNDA:0,(anonymous_3)
FNDA:0,(anonymous_4)
FNDA:0,(anonymous_5)
FNDA:0,(anonymous_6)
FNDA:0,(anonymous_7)
FNDA:0,(anonymous_8)
FNDA:0,(anonymous_9)
FNDA:0,(anonymous_10)
FNDA:14,(anonymous_11)
FNDA:3,(anonymous_12)
FNDA:7,(anonymous_13)
FNDA:17,(anonymous_14)
FNDA:1,(anonymous_15)
FNDA:3,(anonymous_16)
FNDA:0,(anonymous_17)
FNDA:15,(anonymous_18)
FNDA:3,(anonymous_19)
FNDA:0,(anonymous_20)
FNDA:2,(anonymous_21)
FNDA:0,(anonymous_22)
FNDA:0,(anonymous_23)
FNDA:0,(anonymous_24)
FNDA:0,(anonymous_25)
FNDA:0,(anonymous_26)
FNDA:0,(anonymous_27)
FNDA:0,(anonymous_28)
FNDA:0,(anonymous_29)
FNDA:1,(anonymous_30)
FNDA:2,(anonymous_31)
FNDA:0,(anonymous_32)
FNDA:0,(anonymous_33)
DA:31,2
DA:32,2
DA:34,2
DA:35,2
DA:49,2
DA:53,2
DA:54,2
DA:55,2
DA:57,2
DA:60,0
DA:61,0
DA:62,0
DA:65,0
DA:68,0
DA:70,0
DA:72,0
DA:75,0
DA:76,0
DA:77,0
DA:80,0
DA:81,0
DA:82,0
DA:83,0
DA:87,0
DA:88,0
DA:90,0
DA:93,0
DA:98,0
DA:100,0
DA:101,0
DA:104,0
DA:105,0
DA:108,0
DA:109,0
DA:110,0
DA:119,0
DA:122,0
DA:123,0
DA:124,0
DA:126,0
DA:129,0
DA:132,0
DA:133,0
DA:134,0
DA:135,0
DA:137,0
DA:145,0
DA:146,0
DA:147,0
DA:148,0
DA:153,0
DA:154,0
DA:158,0
DA:162,0
DA:165,0
DA:166,0
DA:167,0
DA:170,0
DA:171,0
DA:172,0
DA:175,0
DA:176,0
DA:177,0
DA:178,0
DA:180,0
DA:187,0
DA:189,0
DA:192,0
DA:195,0
DA:209,0
DA:212,0
DA:213,0
DA:215,0
DA:217,0
DA:218,0
DA:223,0
DA:227,0
DA:228,0
DA:233,14
DA:234,14
DA:237,14
DA:238,14
DA:239,0
DA:240,0
DA:242,14
DA:243,14
DA:244,1
DA:245,1
DA:248,13
DA:253,13
DA:254,10
DA:255,2
DA:258,2
DA:262,11
DA:264,3
DA:265,3
DA:268,7
DA:269,7
DA:272,1
DA:273,1
DA:276,0
DA:277,0
DA:280,0
DA:285,3
DA:287,3
DA:288,2
DA:291,2
DA:293,2
DA:294,2
DA:295,2
DA:296,2
DA:298,2
DA:301,1
DA:302,1
DA:304,1
DA:305,1
DA:306,1
DA:307,1
DA:309,1
DA:311,1
DA:312,1
DA:317,7
DA:318,7
DA:321,7
DA:322,17
DA:323,7
DA:324,2
DA:325,2
DA:329,5
DA:330,1
DA:331,1
DA:334,4
DA:336,4
DA:337,4
DA:339,4
DA:341,4
DA:342,4
DA:346,1
DA:347,1
DA:349,1
DA:351,1
DA:352,1
DA:353,1
DA:354,1
DA:355,1
DA:359,1
DA:363,3
DA:364,3
DA:367,3
DA:368,1
DA:369,1
DA:370,1
DA:371,1
DA:372,1
DA:378,3
DA:379,0
DA:380,0
DA:381,0
DA:382,0
DA:383,0
DA:388,3
DA:389,3
DA:396,15
DA:397,15
DA:399,15
DA:400,15
DA:409,3
DA:410,3
DA:411,1
DA:412,1
DA:420,0
DA:421,0
DA:429,2
DA:430,2
DA:432,0
DA:433,0
DA:441,0
DA:442,0
DA:444,0
DA:445,0
DA:446,0
DA:447,0
DA:448,0
DA:452,0
DA:459,0
DA:460,0
DA:461,0
DA:463,0
DA:464,0
DA:465,0
DA:468,0
DA:469,0
DA:478,0
DA:489,0
DA:490,0
DA:491,0
DA:492,0
DA:496,0
DA:507,0
DA:508,0
DA:511,0
DA:512,0
DA:514,0
DA:516,0
DA:521,2
DA:524,2
DA:525,2
DA:526,2
DA:527,1
DA:528,2
DA:529,2
DA:530,2
DA:531,2
DA:534,2
LF:214
LH:103
BRDA:49,0,0,2
BRDA:49,0,1,2
BRDA:60,1,0,0
BRDA:60,2,0,0
BRDA:60,2,1,0
BRDA:70,3,0,0
BRDA:70,3,1,0
BRDA:72,4,0,0
BRDA:72,4,1,0
BRDA:75,5,0,0
BRDA:81,6,0,0
BRDA:91,7,0,0
BRDA:91,7,1,0
BRDA:100,8,0,0
BRDA:122,9,0,0
BRDA:123,10,0,0
BRDA:129,11,0,0
BRDA:129,11,1,0
BRDA:138,12,0,0
BRDA:138,12,1,0
BRDA:139,13,0,0
BRDA:139,13,1,0
BRDA:147,14,0,0
BRDA:176,15,0,0
BRDA:181,16,0,0
BRDA:181,16,1,0
BRDA:182,17,0,0
BRDA:182,17,1,0
BRDA:212,18,0,0
BRDA:212,18,1,0
BRDA:217,19,0,0
BRDA:217,19,1,0
BRDA:227,20,0,0
BRDA:234,21,0,0
BRDA:238,22,0,0
BRDA:243,23,0,1
BRDA:253,24,0,10
BRDA:254,25,0,2
BRDA:262,26,0,3
BRDA:262,26,1,7
BRDA:262,26,2,1
BRDA:262,26,3,0
BRDA:262,26,4,0
BRDA:287,27,0,2
BRDA:287,28,0,3
BRDA:287,28,1,2
BRDA:294,29,0,2
BRDA:302,30,0,1
BRDA:304,31,0,1
BRDA:306,32,0,1
BRDA:318,33,0,0
BRDA:318,34,0,7
BRDA:318,34,1,7
BRDA:323,35,0,2
BRDA:329,36,0,1
BRDA:329,37,0,5
BRDA:329,37,1,2
BRDA:336,38,0,4
BRDA:347,39,0,0
BRDA:352,40,0,1
BRDA:354,41,0,1
BRDA:364,42,0,0
BRDA:367,43,0,1
BRDA:369,44,0,1
BRDA:371,45,0,1
BRDA:380,46,0,0
BRDA:382,47,0,0
BRDA:397,48,0,0
BRDA:399,49,0,15
BRDA:410,50,0,2
BRDA:430,51,0,2
BRDA:442,52,0,0
BRDA:447,53,0,0
BRDA:461,54,0,0
BRDA:491,55,0,0
BRDA:507,56,0,0
BRF:76
BRH:30
end_of_record
